<?xml version="1.0" encoding="UTF-8"?>
<testsuite xmlns:xsi="http://www.w3.org/2001/XMLSchema-instance" xsi:noNamespaceSchemaLocation="https://maven.apache.org/surefire/maven-surefire-plugin/xsd/surefire-test-report-3.0.xsd" version="3.0" name="com.ipn.mx.ProyectoTiendaRopaApplicationTests" time="22.162" tests="1" errors="0" skipped="0" failures="0">
  <properties>
[...]
</properties>
  <testcase name="contextLoads" classname="com.ipn.mx.ProyectoTiendaRopaApplicationTests" time="0.775">
    <system-out><![CDATA[15:50:22.393 [main] INFO org.springframework.test.context.support.AnnotationConfigContextLoaderUtils -- Could not detect default configuration classes for test class [com.ipn.mx.ProyectoTiendaRopaApplicationTests]: ProyectoTiendaRopaApplicationTests does not declare any static, non-private, non-final, nested classes annotated with @Configuration.
15:50:22.571 [main] INFO org.springframework.boot.test.context.SpringBootTestContextBootstrapper -- Found @SpringBootConfiguration com.ipn.mx.ProyectoTiendaRopaApplication for test class com.ipn.mx.ProyectoTiendaRopaApplicationTests
15:50:22.882 [main] INFO org.springframework.boot.devtools.restart.RestartApplicationListener -- Restart disabled due to context in which it is running

  .   ____          _            __ _ _
 /\\ / ___'_ __ _ _(_)_ __  __ _ \ \ \ \
( ( )\___ | '_ | '_| | '_ \/ _` | \ \ \ \
 \\/  ___)| |_)| | | | | || (_| |  ) ) ) )
  '  |____| .__|_| |_|_| |_\__, | / / / /
 =========|_|==============|___/=/_/_/_/
 :: Spring Boot ::                (v3.2.5)

2024-06-29T15:50:23.218-06:00 DEBUG 24748 --- [ProyectoTiendaRopa] [kground-preinit] o.h.v.i.xml.config.ValidationXmlParser   : Trying to load META-INF/validation.xml for XML based Validator configuration.
2024-06-29T15:50:23.221-06:00 DEBUG 24748 --- [ProyectoTiendaRopa] [kground-preinit] o.h.v.i.xml.config.ResourceLoaderHelper  : Trying to load META-INF/validation.xml via TCCL
2024-06-29T15:50:23.221-06:00 DEBUG 24748 --- [ProyectoTiendaRopa] [kground-preinit] o.h.v.i.xml.config.ResourceLoaderHelper  : Trying to load META-INF/validation.xml via Hibernate Validator's class loader
2024-06-29T15:50:23.222-06:00 DEBUG 24748 --- [ProyectoTiendaRopa] [kground-preinit] o.h.v.i.xml.config.ValidationXmlParser   : No META-INF/validation.xml found. Using annotation based configuration only.
2024-06-29T15:50:23.228-06:00 DEBUG 24748 --- [ProyectoTiendaRopa] [kground-preinit] o.h.v.i.e.resolver.TraversableResolvers  : Found jakarta.persistence.Persistence on classpath containing 'getPersistenceUtil'. Assuming JPA 2 environment. Trying to instantiate JPA aware TraversableResolver
2024-06-29T15:50:23.229-06:00 DEBUG 24748 --- [ProyectoTiendaRopa] [kground-preinit] o.h.v.i.e.resolver.TraversableResolvers  : Instantiated JPA aware TraversableResolver of type org.hibernate.validator.internal.engine.resolver.JPATraversableResolver.
2024-06-29T15:50:23.237-06:00  INFO 24748 --- [ProyectoTiendaRopa] [           main] c.i.m.ProyectoTiendaRopaApplicationTests : Starting ProyectoTiendaRopaApplicationTests using Java 17.0.10 with PID 24748 (started by alexc in C:\Users\alexc\git\repo-tienda\ProyectoTiendaRopa)
2024-06-29T15:50:23.238-06:00  INFO 24748 --- [ProyectoTiendaRopa] [           main] c.i.m.ProyectoTiendaRopaApplicationTests : No active profile set, falling back to 1 default profile: "default"
2024-06-29T15:50:23.257-06:00 DEBUG 24748 --- [ProyectoTiendaRopa] [kground-preinit] .h.v.m.ResourceBundleMessageInterpolator : Loaded expression factory via original TCCL
2024-06-29T15:50:23.401-06:00 DEBUG 24748 --- [ProyectoTiendaRopa] [kground-preinit] .i.e.ValidatorFactoryConfigurationHelper : HV000252: Using org.hibernate.validator.internal.engine.DefaultPropertyNodeNameProvider as property node name provider.
2024-06-29T15:50:23.408-06:00 DEBUG 24748 --- [ProyectoTiendaRopa] [kground-preinit] .i.e.ValidatorFactoryConfigurationHelper : HV000234: Using org.hibernate.validator.messageinterpolation.ResourceBundleMessageInterpolator as ValidatorFactory-scoped message interpolator.
2024-06-29T15:50:23.409-06:00 DEBUG 24748 --- [ProyectoTiendaRopa] [kground-preinit] .i.e.ValidatorFactoryConfigurationHelper : HV000234: Using org.hibernate.validator.internal.engine.resolver.JPATraversableResolver as ValidatorFactory-scoped traversable resolver.
2024-06-29T15:50:23.409-06:00 DEBUG 24748 --- [ProyectoTiendaRopa] [kground-preinit] .i.e.ValidatorFactoryConfigurationHelper : HV000234: Using org.hibernate.validator.internal.util.ExecutableParameterNameProvider as ValidatorFactory-scoped parameter name provider.
2024-06-29T15:50:23.409-06:00 DEBUG 24748 --- [ProyectoTiendaRopa] [kground-preinit] .i.e.ValidatorFactoryConfigurationHelper : HV000234: Using org.hibernate.validator.internal.engine.DefaultClockProvider as ValidatorFactory-scoped clock provider.
2024-06-29T15:50:23.409-06:00 DEBUG 24748 --- [ProyectoTiendaRopa] [kground-preinit] .i.e.ValidatorFactoryConfigurationHelper : HV000234: Using org.hibernate.validator.internal.engine.scripting.DefaultScriptEvaluatorFactory as ValidatorFactory-scoped script evaluator factory.
2024-06-29T15:50:24.247-06:00  INFO 24748 --- [ProyectoTiendaRopa] [           main] .s.d.r.c.RepositoryConfigurationDelegate : Bootstrapping Spring Data JPA repositories in DEFAULT mode.
2024-06-29T15:50:24.390-06:00  INFO 24748 --- [ProyectoTiendaRopa] [           main] .s.d.r.c.RepositoryConfigurationDelegate : Finished Spring Data repository scanning in 125 ms. Found 8 JPA repository interfaces.
2024-06-29T15:50:25.105-06:00 DEBUG 24748 --- [ProyectoTiendaRopa] [           main] o.hibernate.jpa.internal.util.LogHelper  : PersistenceUnitInfo [
	name: default
	persistence provider classname: null
	classloader: jdk.internal.loader.ClassLoaders$AppClassLoader@28c97a5
	excludeUnlistedClasses: true
	JTA datasource: null
	Non JTA datasource: HikariDataSource (null)
	Transaction type: RESOURCE_LOCAL
	PU root URL: file:/C:/Users/alexc/git/repo-tienda/ProyectoTiendaRopa/target/test-classes/
	Shared Cache Mode: UNSPECIFIED
	Validation Mode: AUTO
	Jar files URLs []
	Managed classes names [
		com.ipn.mx.modelo.entidades.Categoria
		com.ipn.mx.modelo.entidades.Cliente
		com.ipn.mx.modelo.entidades.Envio
		com.ipn.mx.modelo.entidades.Historial
		com.ipn.mx.modelo.entidades.Pago
		com.ipn.mx.modelo.entidades.Pedido
		com.ipn.mx.modelo.entidades.Producto
		com.ipn.mx.modelo.entidades.Promocion]
	Mapping files names []
	Properties []
2024-06-29T15:50:25.151-06:00 DEBUG 24748 --- [ProyectoTiendaRopa] [           main] o.h.i.internal.IntegratorServiceImpl     : Adding Integrator [org.hibernate.boot.beanvalidation.BeanValidationIntegrator].
2024-06-29T15:50:25.155-06:00 DEBUG 24748 --- [ProyectoTiendaRopa] [           main] o.h.i.internal.IntegratorServiceImpl     : Adding Integrator [org.hibernate.cache.internal.CollectionCacheInvalidator].
2024-06-29T15:50:25.264-06:00  INFO 24748 --- [ProyectoTiendaRopa] [           main] org.hibernate.Version                    : HHH000412: Hibernate ORM core version 6.4.4.Final
2024-06-29T15:50:25.267-06:00 DEBUG 24748 --- [ProyectoTiendaRopa] [           main] org.hibernate.cfg.Environment            : HHH000206: 'hibernate.properties' not found
2024-06-29T15:50:25.304-06:00 DEBUG 24748 --- [ProyectoTiendaRopa] [           main] org.hibernate.orm.idgen.factory          : Registering IdentifierGenerator strategy [uuid2] -> [org.hibernate.id.UUIDGenerator]
2024-06-29T15:50:25.305-06:00 DEBUG 24748 --- [ProyectoTiendaRopa] [           main] org.hibernate.orm.idgen.factory          : Registering IdentifierGenerator strategy [guid] -> [org.hibernate.id.GUIDGenerator]
2024-06-29T15:50:25.306-06:00 DEBUG 24748 --- [ProyectoTiendaRopa] [           main] org.hibernate.orm.idgen.factory          : Registering IdentifierGenerator strategy [uuid] -> [org.hibernate.id.UUIDHexGenerator]
2024-06-29T15:50:25.307-06:00 DEBUG 24748 --- [ProyectoTiendaRopa] [           main] org.hibernate.orm.idgen.factory          : Registering IdentifierGenerator strategy [uuid.hex] -> [org.hibernate.id.UUIDHexGenerator]
2024-06-29T15:50:25.307-06:00 DEBUG 24748 --- [ProyectoTiendaRopa] [           main] org.hibernate.orm.idgen.factory          : Registering IdentifierGenerator strategy [assigned] -> [org.hibernate.id.Assigned]
2024-06-29T15:50:25.309-06:00 DEBUG 24748 --- [ProyectoTiendaRopa] [           main] org.hibernate.orm.idgen.factory          : Registering IdentifierGenerator strategy [identity] -> [org.hibernate.id.IdentityGenerator]
2024-06-29T15:50:25.310-06:00 DEBUG 24748 --- [ProyectoTiendaRopa] [           main] org.hibernate.orm.idgen.factory          : Registering IdentifierGenerator strategy [select] -> [org.hibernate.id.SelectGenerator]
2024-06-29T15:50:25.311-06:00 DEBUG 24748 --- [ProyectoTiendaRopa] [           main] org.hibernate.orm.idgen.factory          : Registering IdentifierGenerator strategy [sequence] -> [org.hibernate.id.enhanced.SequenceStyleGenerator]
2024-06-29T15:50:25.312-06:00 DEBUG 24748 --- [ProyectoTiendaRopa] [           main] org.hibernate.orm.idgen.factory          : Registering IdentifierGenerator strategy [increment] -> [org.hibernate.id.IncrementGenerator]
2024-06-29T15:50:25.313-06:00 DEBUG 24748 --- [ProyectoTiendaRopa] [           main] org.hibernate.orm.idgen.factory          : Registering IdentifierGenerator strategy [foreign] -> [org.hibernate.id.ForeignGenerator]
2024-06-29T15:50:25.313-06:00 DEBUG 24748 --- [ProyectoTiendaRopa] [           main] org.hibernate.orm.idgen.factory          : Registering IdentifierGenerator strategy [enhanced-sequence] -> [org.hibernate.id.enhanced.SequenceStyleGenerator]
2024-06-29T15:50:25.314-06:00 DEBUG 24748 --- [ProyectoTiendaRopa] [           main] org.hibernate.orm.idgen.factory          : Registering IdentifierGenerator strategy [enhanced-table] -> [org.hibernate.id.enhanced.TableGenerator]
2024-06-29T15:50:25.325-06:00 DEBUG 24748 --- [ProyectoTiendaRopa] [           main] o.h.c.internal.RegionFactoryInitiator    : Cannot default RegionFactory based on registered strategies as `[]` RegionFactory strategies were registered
2024-06-29T15:50:25.326-06:00  INFO 24748 --- [ProyectoTiendaRopa] [           main] o.h.c.internal.RegionFactoryInitiator    : HHH000026: Second-level cache disabled
2024-06-29T15:50:25.501-06:00 DEBUG 24748 --- [ProyectoTiendaRopa] [           main] org.hibernate.type.BasicTypeRegistry     : Adding type registration boolean -> org.hibernate.type.BasicTypeReference@4aaecabd
2024-06-29T15:50:25.501-06:00 DEBUG 24748 --- [ProyectoTiendaRopa] [           main] org.hibernate.type.BasicTypeRegistry     : Adding type registration boolean -> org.hibernate.type.BasicTypeReference@4aaecabd
2024-06-29T15:50:25.501-06:00 DEBUG 24748 --- [ProyectoTiendaRopa] [           main] org.hibernate.type.BasicTypeRegistry     : Adding type registration java.lang.Boolean -> org.hibernate.type.BasicTypeReference@4aaecabd
2024-06-29T15:50:25.501-06:00 DEBUG 24748 --- [ProyectoTiendaRopa] [           main] org.hibernate.type.BasicTypeRegistry     : Adding type registration numeric_boolean -> org.hibernate.type.BasicTypeReference@23bd0c81
2024-06-29T15:50:25.501-06:00 DEBUG 24748 --- [ProyectoTiendaRopa] [           main] org.hibernate.type.BasicTypeRegistry     : Adding type registration org.hibernate.type.NumericBooleanConverter -> org.hibernate.type.BasicTypeReference@23bd0c81
2024-06-29T15:50:25.501-06:00 DEBUG 24748 --- [ProyectoTiendaRopa] [           main] org.hibernate.type.BasicTypeRegistry     : Adding type registration true_false -> org.hibernate.type.BasicTypeReference@1332dec4
2024-06-29T15:50:25.501-06:00 DEBUG 24748 --- [ProyectoTiendaRopa] [           main] org.hibernate.type.BasicTypeRegistry     : Adding type registration org.hibernate.type.TrueFalseConverter -> org.hibernate.type.BasicTypeReference@1332dec4
2024-06-29T15:50:25.502-06:00 DEBUG 24748 --- [ProyectoTiendaRopa] [           main] org.hibernate.type.BasicTypeRegistry     : Adding type registration yes_no -> org.hibernate.type.BasicTypeReference@544e3679
2024-06-29T15:50:25.502-06:00 DEBUG 24748 --- [ProyectoTiendaRopa] [           main] org.hibernate.type.BasicTypeRegistry     : Adding type registration org.hibernate.type.YesNoConverter -> org.hibernate.type.BasicTypeReference@544e3679
2024-06-29T15:50:25.502-06:00 DEBUG 24748 --- [ProyectoTiendaRopa] [           main] org.hibernate.type.BasicTypeRegistry     : Adding type registration byte -> org.hibernate.type.BasicTypeReference@6889f56f
2024-06-29T15:50:25.502-06:00 DEBUG 24748 --- [ProyectoTiendaRopa] [           main] org.hibernate.type.BasicTypeRegistry     : Adding type registration byte -> org.hibernate.type.BasicTypeReference@6889f56f
2024-06-29T15:50:25.502-06:00 DEBUG 24748 --- [ProyectoTiendaRopa] [           main] org.hibernate.type.BasicTypeRegistry     : Adding type registration java.lang.Byte -> org.hibernate.type.BasicTypeReference@6889f56f
2024-06-29T15:50:25.502-06:00 DEBUG 24748 --- [ProyectoTiendaRopa] [           main] org.hibernate.type.BasicTypeRegistry     : Adding type registration binary -> org.hibernate.type.BasicTypeReference@231b35fb
2024-06-29T15:50:25.502-06:00 DEBUG 24748 --- [ProyectoTiendaRopa] [           main] org.hibernate.type.BasicTypeRegistry     : Adding type registration byte[] -> org.hibernate.type.BasicTypeReference@231b35fb
2024-06-29T15:50:25.502-06:00 DEBUG 24748 --- [ProyectoTiendaRopa] [           main] org.hibernate.type.BasicTypeRegistry     : Adding type registration [B -> org.hibernate.type.BasicTypeReference@231b35fb
2024-06-29T15:50:25.502-06:00 DEBUG 24748 --- [ProyectoTiendaRopa] [           main] org.hibernate.type.BasicTypeRegistry     : Adding type registration binary_wrapper -> org.hibernate.type.BasicTypeReference@26da1ba2
2024-06-29T15:50:25.502-06:00 DEBUG 24748 --- [ProyectoTiendaRopa] [           main] org.hibernate.type.BasicTypeRegistry     : Adding type registration wrapper-binary -> org.hibernate.type.BasicTypeReference@26da1ba2
2024-06-29T15:50:25.503-06:00 DEBUG 24748 --- [ProyectoTiendaRopa] [           main] org.hibernate.type.BasicTypeRegistry     : Adding type registration image -> org.hibernate.type.BasicTypeReference@3820cfe
2024-06-29T15:50:25.503-06:00 DEBUG 24748 --- [ProyectoTiendaRopa] [           main] org.hibernate.type.BasicTypeRegistry     : Adding type registration blob -> org.hibernate.type.BasicTypeReference@2407a36c
2024-06-29T15:50:25.503-06:00 DEBUG 24748 --- [ProyectoTiendaRopa] [           main] org.hibernate.type.BasicTypeRegistry     : Adding type registration java.sql.Blob -> org.hibernate.type.BasicTypeReference@2407a36c
2024-06-29T15:50:25.503-06:00 DEBUG 24748 --- [ProyectoTiendaRopa] [           main] org.hibernate.type.BasicTypeRegistry     : Adding type registration materialized_blob -> org.hibernate.type.BasicTypeReference@5ec9eefa
2024-06-29T15:50:25.503-06:00 DEBUG 24748 --- [ProyectoTiendaRopa] [           main] org.hibernate.type.BasicTypeRegistry     : Adding type registration materialized_blob_wrapper -> org.hibernate.type.BasicTypeReference@28b8f98a
2024-06-29T15:50:25.503-06:00 DEBUG 24748 --- [ProyectoTiendaRopa] [           main] org.hibernate.type.BasicTypeRegistry     : Adding type registration short -> org.hibernate.type.BasicTypeReference@3b4ef59f
2024-06-29T15:50:25.503-06:00 DEBUG 24748 --- [ProyectoTiendaRopa] [           main] org.hibernate.type.BasicTypeRegistry     : Adding type registration short -> org.hibernate.type.BasicTypeReference@3b4ef59f
2024-06-29T15:50:25.503-06:00 DEBUG 24748 --- [ProyectoTiendaRopa] [           main] org.hibernate.type.BasicTypeRegistry     : Adding type registration java.lang.Short -> org.hibernate.type.BasicTypeReference@3b4ef59f
2024-06-29T15:50:25.504-06:00 DEBUG 24748 --- [ProyectoTiendaRopa] [           main] org.hibernate.type.BasicTypeRegistry     : Adding type registration integer -> org.hibernate.type.BasicTypeReference@22cb3d59
2024-06-29T15:50:25.504-06:00 DEBUG 24748 --- [ProyectoTiendaRopa] [           main] org.hibernate.type.BasicTypeRegistry     : Adding type registration int -> org.hibernate.type.BasicTypeReference@22cb3d59
2024-06-29T15:50:25.504-06:00 DEBUG 24748 --- [ProyectoTiendaRopa] [           main] org.hibernate.type.BasicTypeRegistry     : Adding type registration java.lang.Integer -> org.hibernate.type.BasicTypeReference@22cb3d59
2024-06-29T15:50:25.504-06:00 DEBUG 24748 --- [ProyectoTiendaRopa] [           main] org.hibernate.type.BasicTypeRegistry     : Adding type registration long -> org.hibernate.type.BasicTypeReference@33e4b9c4
2024-06-29T15:50:25.504-06:00 DEBUG 24748 --- [ProyectoTiendaRopa] [           main] org.hibernate.type.BasicTypeRegistry     : Adding type registration long -> org.hibernate.type.BasicTypeReference@33e4b9c4
2024-06-29T15:50:25.504-06:00 DEBUG 24748 --- [ProyectoTiendaRopa] [           main] org.hibernate.type.BasicTypeRegistry     : Adding type registration java.lang.Long -> org.hibernate.type.BasicTypeReference@33e4b9c4
2024-06-29T15:50:25.504-06:00 DEBUG 24748 --- [ProyectoTiendaRopa] [           main] org.hibernate.type.BasicTypeRegistry     : Adding type registration float -> org.hibernate.type.BasicTypeReference@5cff729b
2024-06-29T15:50:25.504-06:00 DEBUG 24748 --- [ProyectoTiendaRopa] [           main] org.hibernate.type.BasicTypeRegistry     : Adding type registration float -> org.hibernate.type.BasicTypeReference@5cff729b
2024-06-29T15:50:25.504-06:00 DEBUG 24748 --- [ProyectoTiendaRopa] [           main] org.hibernate.type.BasicTypeRegistry     : Adding type registration java.lang.Float -> org.hibernate.type.BasicTypeReference@5cff729b
2024-06-29T15:50:25.504-06:00 DEBUG 24748 --- [ProyectoTiendaRopa] [           main] org.hibernate.type.BasicTypeRegistry     : Adding type registration double -> org.hibernate.type.BasicTypeReference@10d18696
2024-06-29T15:50:25.504-06:00 DEBUG 24748 --- [ProyectoTiendaRopa] [           main] org.hibernate.type.BasicTypeRegistry     : Adding type registration double -> org.hibernate.type.BasicTypeReference@10d18696
2024-06-29T15:50:25.505-06:00 DEBUG 24748 --- [ProyectoTiendaRopa] [           main] org.hibernate.type.BasicTypeRegistry     : Adding type registration java.lang.Double -> org.hibernate.type.BasicTypeReference@10d18696
2024-06-29T15:50:25.505-06:00 DEBUG 24748 --- [ProyectoTiendaRopa] [           main] org.hibernate.type.BasicTypeRegistry     : Adding type registration big_integer -> org.hibernate.type.BasicTypeReference@6b8b5020
2024-06-29T15:50:25.506-06:00 DEBUG 24748 --- [ProyectoTiendaRopa] [           main] org.hibernate.type.BasicTypeRegistry     : Adding type registration java.math.BigInteger -> org.hibernate.type.BasicTypeReference@6b8b5020
2024-06-29T15:50:25.506-06:00 DEBUG 24748 --- [ProyectoTiendaRopa] [           main] org.hibernate.type.BasicTypeRegistry     : Adding type registration big_decimal -> org.hibernate.type.BasicTypeReference@7d37ee0c
2024-06-29T15:50:25.506-06:00 DEBUG 24748 --- [ProyectoTiendaRopa] [           main] org.hibernate.type.BasicTypeRegistry     : Adding type registration java.math.BigDecimal -> org.hibernate.type.BasicTypeReference@7d37ee0c
2024-06-29T15:50:25.506-06:00 DEBUG 24748 --- [ProyectoTiendaRopa] [           main] org.hibernate.type.BasicTypeRegistry     : Adding type registration character -> org.hibernate.type.BasicTypeReference@5a7b309b
2024-06-29T15:50:25.506-06:00 DEBUG 24748 --- [ProyectoTiendaRopa] [           main] org.hibernate.type.BasicTypeRegistry     : Adding type registration char -> org.hibernate.type.BasicTypeReference@5a7b309b
2024-06-29T15:50:25.506-06:00 DEBUG 24748 --- [ProyectoTiendaRopa] [           main] org.hibernate.type.BasicTypeRegistry     : Adding type registration java.lang.Character -> org.hibernate.type.BasicTypeReference@5a7b309b
2024-06-29T15:50:25.506-06:00 DEBUG 24748 --- [ProyectoTiendaRopa] [           main] org.hibernate.type.BasicTypeRegistry     : Adding type registration character_nchar -> org.hibernate.type.BasicTypeReference@4602f874
2024-06-29T15:50:25.506-06:00 DEBUG 24748 --- [ProyectoTiendaRopa] [           main] org.hibernate.type.BasicTypeRegistry     : Adding type registration string -> org.hibernate.type.BasicTypeReference@7739aac4
2024-06-29T15:50:25.506-06:00 DEBUG 24748 --- [ProyectoTiendaRopa] [           main] org.hibernate.type.BasicTypeRegistry     : Adding type registration java.lang.String -> org.hibernate.type.BasicTypeReference@7739aac4
2024-06-29T15:50:25.506-06:00 DEBUG 24748 --- [ProyectoTiendaRopa] [           main] org.hibernate.type.BasicTypeRegistry     : Adding type registration nstring -> org.hibernate.type.BasicTypeReference@353c6da1
2024-06-29T15:50:25.507-06:00 DEBUG 24748 --- [ProyectoTiendaRopa] [           main] org.hibernate.type.BasicTypeRegistry     : Adding type registration characters -> org.hibernate.type.BasicTypeReference@36c07c75
2024-06-29T15:50:25.507-06:00 DEBUG 24748 --- [ProyectoTiendaRopa] [           main] org.hibernate.type.BasicTypeRegistry     : Adding type registration char[] -> org.hibernate.type.BasicTypeReference@36c07c75
2024-06-29T15:50:25.507-06:00 DEBUG 24748 --- [ProyectoTiendaRopa] [           main] org.hibernate.type.BasicTypeRegistry     : Adding type registration [C -> org.hibernate.type.BasicTypeReference@36c07c75
2024-06-29T15:50:25.507-06:00 DEBUG 24748 --- [ProyectoTiendaRopa] [           main] org.hibernate.type.BasicTypeRegistry     : Adding type registration wrapper-characters -> org.hibernate.type.BasicTypeReference@6750e381
2024-06-29T15:50:25.507-06:00 DEBUG 24748 --- [ProyectoTiendaRopa] [           main] org.hibernate.type.BasicTypeRegistry     : Adding type registration text -> org.hibernate.type.BasicTypeReference@5d850a25
2024-06-29T15:50:25.507-06:00 DEBUG 24748 --- [ProyectoTiendaRopa] [           main] org.hibernate.type.BasicTypeRegistry     : Adding type registration ntext -> org.hibernate.type.BasicTypeReference@b022551
2024-06-29T15:50:25.507-06:00 DEBUG 24748 --- [ProyectoTiendaRopa] [           main] org.hibernate.type.BasicTypeRegistry     : Adding type registration clob -> org.hibernate.type.BasicTypeReference@3e14d390
2024-06-29T15:50:25.507-06:00 DEBUG 24748 --- [ProyectoTiendaRopa] [           main] org.hibernate.type.BasicTypeRegistry     : Adding type registration java.sql.Clob -> org.hibernate.type.BasicTypeReference@3e14d390
2024-06-29T15:50:25.507-06:00 DEBUG 24748 --- [ProyectoTiendaRopa] [           main] org.hibernate.type.BasicTypeRegistry     : Adding type registration nclob -> org.hibernate.type.BasicTypeReference@5eb87338
2024-06-29T15:50:25.507-06:00 DEBUG 24748 --- [ProyectoTiendaRopa] [           main] org.hibernate.type.BasicTypeRegistry     : Adding type registration java.sql.NClob -> org.hibernate.type.BasicTypeReference@5eb87338
2024-06-29T15:50:25.507-06:00 DEBUG 24748 --- [ProyectoTiendaRopa] [           main] org.hibernate.type.BasicTypeRegistry     : Adding type registration materialized_clob -> org.hibernate.type.BasicTypeReference@2b999ee8
2024-06-29T15:50:25.507-06:00 DEBUG 24748 --- [ProyectoTiendaRopa] [           main] org.hibernate.type.BasicTypeRegistry     : Adding type registration materialized_clob_char_array -> org.hibernate.type.BasicTypeReference@31ab1e67
2024-06-29T15:50:25.507-06:00 DEBUG 24748 --- [ProyectoTiendaRopa] [           main] org.hibernate.type.BasicTypeRegistry     : Adding type registration materialized_clob_character_array -> org.hibernate.type.BasicTypeReference@29bbc391
2024-06-29T15:50:25.507-06:00 DEBUG 24748 --- [ProyectoTiendaRopa] [           main] org.hibernate.type.BasicTypeRegistry     : Adding type registration materialized_nclob -> org.hibernate.type.BasicTypeReference@3487442d
2024-06-29T15:50:25.507-06:00 DEBUG 24748 --- [ProyectoTiendaRopa] [           main] org.hibernate.type.BasicTypeRegistry     : Adding type registration materialized_nclob_character_array -> org.hibernate.type.BasicTypeReference@530ee28b
2024-06-29T15:50:25.507-06:00 DEBUG 24748 --- [ProyectoTiendaRopa] [           main] org.hibernate.type.BasicTypeRegistry     : Adding type registration materialized_nclob_char_array -> org.hibernate.type.BasicTypeReference@3a3f96ab
2024-06-29T15:50:25.507-06:00 DEBUG 24748 --- [ProyectoTiendaRopa] [           main] org.hibernate.type.BasicTypeRegistry     : Adding type registration Duration -> org.hibernate.type.BasicTypeReference@4def7d36
2024-06-29T15:50:25.508-06:00 DEBUG 24748 --- [ProyectoTiendaRopa] [           main] org.hibernate.type.BasicTypeRegistry     : Adding type registration java.time.Duration -> org.hibernate.type.BasicTypeReference@4def7d36
2024-06-29T15:50:25.508-06:00 DEBUG 24748 --- [ProyectoTiendaRopa] [           main] org.hibernate.type.BasicTypeRegistry     : Adding type registration LocalDateTime -> org.hibernate.type.BasicTypeReference@43c7fe8a
2024-06-29T15:50:25.508-06:00 DEBUG 24748 --- [ProyectoTiendaRopa] [           main] org.hibernate.type.BasicTypeRegistry     : Adding type registration java.time.LocalDateTime -> org.hibernate.type.BasicTypeReference@43c7fe8a
2024-06-29T15:50:25.508-06:00 DEBUG 24748 --- [ProyectoTiendaRopa] [           main] org.hibernate.type.BasicTypeRegistry     : Adding type registration LocalDate -> org.hibernate.type.BasicTypeReference@67f946c3
2024-06-29T15:50:25.508-06:00 DEBUG 24748 --- [ProyectoTiendaRopa] [           main] org.hibernate.type.BasicTypeRegistry     : Adding type registration java.time.LocalDate -> org.hibernate.type.BasicTypeReference@67f946c3
2024-06-29T15:50:25.508-06:00 DEBUG 24748 --- [ProyectoTiendaRopa] [           main] org.hibernate.type.BasicTypeRegistry     : Adding type registration LocalTime -> org.hibernate.type.BasicTypeReference@21b51e59
2024-06-29T15:50:25.508-06:00 DEBUG 24748 --- [ProyectoTiendaRopa] [           main] org.hibernate.type.BasicTypeRegistry     : Adding type registration java.time.LocalTime -> org.hibernate.type.BasicTypeReference@21b51e59
2024-06-29T15:50:25.508-06:00 DEBUG 24748 --- [ProyectoTiendaRopa] [           main] org.hibernate.type.BasicTypeRegistry     : Adding type registration OffsetDateTime -> org.hibernate.type.BasicTypeReference@1785d194
2024-06-29T15:50:25.508-06:00 DEBUG 24748 --- [ProyectoTiendaRopa] [           main] org.hibernate.type.BasicTypeRegistry     : Adding type registration java.time.OffsetDateTime -> org.hibernate.type.BasicTypeReference@1785d194
2024-06-29T15:50:25.508-06:00 DEBUG 24748 --- [ProyectoTiendaRopa] [           main] org.hibernate.type.BasicTypeRegistry     : Adding type registration OffsetDateTimeWithTimezone -> org.hibernate.type.BasicTypeReference@6b4a4e40
2024-06-29T15:50:25.508-06:00 DEBUG 24748 --- [ProyectoTiendaRopa] [           main] org.hibernate.type.BasicTypeRegistry     : Adding type registration OffsetDateTimeWithoutTimezone -> org.hibernate.type.BasicTypeReference@46a8c2b4
2024-06-29T15:50:25.508-06:00 DEBUG 24748 --- [ProyectoTiendaRopa] [           main] org.hibernate.type.BasicTypeRegistry     : Adding type registration OffsetTime -> org.hibernate.type.BasicTypeReference@4f664bee
2024-06-29T15:50:25.508-06:00 DEBUG 24748 --- [ProyectoTiendaRopa] [           main] org.hibernate.type.BasicTypeRegistry     : Adding type registration java.time.OffsetTime -> org.hibernate.type.BasicTypeReference@4f664bee
2024-06-29T15:50:25.508-06:00 DEBUG 24748 --- [ProyectoTiendaRopa] [           main] org.hibernate.type.BasicTypeRegistry     : Adding type registration OffsetTimeUtc -> org.hibernate.type.BasicTypeReference@76563ae7
2024-06-29T15:50:25.509-06:00 DEBUG 24748 --- [ProyectoTiendaRopa] [           main] org.hibernate.type.BasicTypeRegistry     : Adding type registration OffsetTimeWithTimezone -> org.hibernate.type.BasicTypeReference@4fd74223
2024-06-29T15:50:25.509-06:00 DEBUG 24748 --- [ProyectoTiendaRopa] [           main] org.hibernate.type.BasicTypeRegistry     : Adding type registration OffsetTimeWithoutTimezone -> org.hibernate.type.BasicTypeReference@4fea840f
2024-06-29T15:50:25.509-06:00 DEBUG 24748 --- [ProyectoTiendaRopa] [           main] org.hibernate.type.BasicTypeRegistry     : Adding type registration ZonedDateTime -> org.hibernate.type.BasicTypeReference@32ae8f27
2024-06-29T15:50:25.509-06:00 DEBUG 24748 --- [ProyectoTiendaRopa] [           main] org.hibernate.type.BasicTypeRegistry     : Adding type registration java.time.ZonedDateTime -> org.hibernate.type.BasicTypeReference@32ae8f27
2024-06-29T15:50:25.509-06:00 DEBUG 24748 --- [ProyectoTiendaRopa] [           main] org.hibernate.type.BasicTypeRegistry     : Adding type registration ZonedDateTimeWithTimezone -> org.hibernate.type.BasicTypeReference@75e80a97
2024-06-29T15:50:25.509-06:00 DEBUG 24748 --- [ProyectoTiendaRopa] [           main] org.hibernate.type.BasicTypeRegistry     : Adding type registration ZonedDateTimeWithoutTimezone -> org.hibernate.type.BasicTypeReference@5b8853
2024-06-29T15:50:25.509-06:00 DEBUG 24748 --- [ProyectoTiendaRopa] [           main] org.hibernate.type.BasicTypeRegistry     : Adding type registration date -> org.hibernate.type.BasicTypeReference@1b8aaeab
2024-06-29T15:50:25.509-06:00 DEBUG 24748 --- [ProyectoTiendaRopa] [           main] org.hibernate.type.BasicTypeRegistry     : Adding type registration java.sql.Date -> org.hibernate.type.BasicTypeReference@1b8aaeab
2024-06-29T15:50:25.509-06:00 DEBUG 24748 --- [ProyectoTiendaRopa] [           main] org.hibernate.type.BasicTypeRegistry     : Adding type registration time -> org.hibernate.type.BasicTypeReference@5d1bdd4a
2024-06-29T15:50:25.509-06:00 DEBUG 24748 --- [ProyectoTiendaRopa] [           main] org.hibernate.type.BasicTypeRegistry     : Adding type registration java.sql.Time -> org.hibernate.type.BasicTypeReference@5d1bdd4a
2024-06-29T15:50:25.509-06:00 DEBUG 24748 --- [ProyectoTiendaRopa] [           main] org.hibernate.type.BasicTypeRegistry     : Adding type registration timestamp -> org.hibernate.type.BasicTypeReference@6812c8cc
2024-06-29T15:50:25.509-06:00 DEBUG 24748 --- [ProyectoTiendaRopa] [           main] org.hibernate.type.BasicTypeRegistry     : Adding type registration java.sql.Timestamp -> org.hibernate.type.BasicTypeReference@6812c8cc
2024-06-29T15:50:25.509-06:00 DEBUG 24748 --- [ProyectoTiendaRopa] [           main] org.hibernate.type.BasicTypeRegistry     : Adding type registration java.util.Date -> org.hibernate.type.BasicTypeReference@6812c8cc
2024-06-29T15:50:25.510-06:00 DEBUG 24748 --- [ProyectoTiendaRopa] [           main] org.hibernate.type.BasicTypeRegistry     : Adding type registration calendar -> org.hibernate.type.BasicTypeReference@3457cc8d
2024-06-29T15:50:25.510-06:00 DEBUG 24748 --- [ProyectoTiendaRopa] [           main] org.hibernate.type.BasicTypeRegistry     : Adding type registration java.util.Calendar -> org.hibernate.type.BasicTypeReference@3457cc8d
2024-06-29T15:50:25.510-06:00 DEBUG 24748 --- [ProyectoTiendaRopa] [           main] org.hibernate.type.BasicTypeRegistry     : Adding type registration java.util.GregorianCalendar -> org.hibernate.type.BasicTypeReference@3457cc8d
2024-06-29T15:50:25.510-06:00 DEBUG 24748 --- [ProyectoTiendaRopa] [           main] org.hibernate.type.BasicTypeRegistry     : Adding type registration calendar_date -> org.hibernate.type.BasicTypeReference@7a66c35a
2024-06-29T15:50:25.510-06:00 DEBUG 24748 --- [ProyectoTiendaRopa] [           main] org.hibernate.type.BasicTypeRegistry     : Adding type registration calendar_time -> org.hibernate.type.BasicTypeReference@7994a0d1
2024-06-29T15:50:25.510-06:00 DEBUG 24748 --- [ProyectoTiendaRopa] [           main] org.hibernate.type.BasicTypeRegistry     : Adding type registration instant -> org.hibernate.type.BasicTypeReference@73e4387
2024-06-29T15:50:25.510-06:00 DEBUG 24748 --- [ProyectoTiendaRopa] [           main] org.hibernate.type.BasicTypeRegistry     : Adding type registration java.time.Instant -> org.hibernate.type.BasicTypeReference@73e4387
2024-06-29T15:50:25.510-06:00 DEBUG 24748 --- [ProyectoTiendaRopa] [           main] org.hibernate.type.BasicTypeRegistry     : Adding type registration uuid -> org.hibernate.type.BasicTypeReference@d87d449
2024-06-29T15:50:25.510-06:00 DEBUG 24748 --- [ProyectoTiendaRopa] [           main] org.hibernate.type.BasicTypeRegistry     : Adding type registration java.util.UUID -> org.hibernate.type.BasicTypeReference@d87d449
2024-06-29T15:50:25.510-06:00 DEBUG 24748 --- [ProyectoTiendaRopa] [           main] org.hibernate.type.BasicTypeRegistry     : Adding type registration pg-uuid -> org.hibernate.type.BasicTypeReference@d87d449
2024-06-29T15:50:25.510-06:00 DEBUG 24748 --- [ProyectoTiendaRopa] [           main] org.hibernate.type.BasicTypeRegistry     : Adding type registration uuid-binary -> org.hibernate.type.BasicTypeReference@4137aab0
2024-06-29T15:50:25.510-06:00 DEBUG 24748 --- [ProyectoTiendaRopa] [           main] org.hibernate.type.BasicTypeRegistry     : Adding type registration uuid-char -> org.hibernate.type.BasicTypeReference@1df9186f
2024-06-29T15:50:25.510-06:00 DEBUG 24748 --- [ProyectoTiendaRopa] [           main] org.hibernate.type.BasicTypeRegistry     : Adding type registration class -> org.hibernate.type.BasicTypeReference@682e422c
2024-06-29T15:50:25.510-06:00 DEBUG 24748 --- [ProyectoTiendaRopa] [           main] org.hibernate.type.BasicTypeRegistry     : Adding type registration java.lang.Class -> org.hibernate.type.BasicTypeReference@682e422c
2024-06-29T15:50:25.510-06:00 DEBUG 24748 --- [ProyectoTiendaRopa] [           main] org.hibernate.type.BasicTypeRegistry     : Adding type registration currency -> org.hibernate.type.BasicTypeReference@5bb8e6fc
2024-06-29T15:50:25.511-06:00 DEBUG 24748 --- [ProyectoTiendaRopa] [           main] org.hibernate.type.BasicTypeRegistry     : Adding type registration Currency -> org.hibernate.type.BasicTypeReference@5bb8e6fc
2024-06-29T15:50:25.511-06:00 DEBUG 24748 --- [ProyectoTiendaRopa] [           main] org.hibernate.type.BasicTypeRegistry     : Adding type registration java.util.Currency -> org.hibernate.type.BasicTypeReference@5bb8e6fc
2024-06-29T15:50:25.511-06:00 DEBUG 24748 --- [ProyectoTiendaRopa] [           main] org.hibernate.type.BasicTypeRegistry     : Adding type registration locale -> org.hibernate.type.BasicTypeReference@2726a511
2024-06-29T15:50:25.511-06:00 DEBUG 24748 --- [ProyectoTiendaRopa] [           main] org.hibernate.type.BasicTypeRegistry     : Adding type registration java.util.Locale -> org.hibernate.type.BasicTypeReference@2726a511
2024-06-29T15:50:25.511-06:00 DEBUG 24748 --- [ProyectoTiendaRopa] [           main] org.hibernate.type.BasicTypeRegistry     : Adding type registration serializable -> org.hibernate.type.BasicTypeReference@72c9ebfa
2024-06-29T15:50:25.511-06:00 DEBUG 24748 --- [ProyectoTiendaRopa] [           main] org.hibernate.type.BasicTypeRegistry     : Adding type registration java.io.Serializable -> org.hibernate.type.BasicTypeReference@72c9ebfa
2024-06-29T15:50:25.511-06:00 DEBUG 24748 --- [ProyectoTiendaRopa] [           main] org.hibernate.type.BasicTypeRegistry     : Adding type registration timezone -> org.hibernate.type.BasicTypeReference@686cf8ad
2024-06-29T15:50:25.511-06:00 DEBUG 24748 --- [ProyectoTiendaRopa] [           main] org.hibernate.type.BasicTypeRegistry     : Adding type registration java.util.TimeZone -> org.hibernate.type.BasicTypeReference@686cf8ad
2024-06-29T15:50:25.511-06:00 DEBUG 24748 --- [ProyectoTiendaRopa] [           main] org.hibernate.type.BasicTypeRegistry     : Adding type registration ZoneOffset -> org.hibernate.type.BasicTypeReference@747f6c5a
2024-06-29T15:50:25.511-06:00 DEBUG 24748 --- [ProyectoTiendaRopa] [           main] org.hibernate.type.BasicTypeRegistry     : Adding type registration java.time.ZoneOffset -> org.hibernate.type.BasicTypeReference@747f6c5a
2024-06-29T15:50:25.511-06:00 DEBUG 24748 --- [ProyectoTiendaRopa] [           main] org.hibernate.type.BasicTypeRegistry     : Adding type registration url -> org.hibernate.type.BasicTypeReference@66e341e9
2024-06-29T15:50:25.512-06:00 DEBUG 24748 --- [ProyectoTiendaRopa] [           main] org.hibernate.type.BasicTypeRegistry     : Adding type registration java.net.URL -> org.hibernate.type.BasicTypeReference@66e341e9
2024-06-29T15:50:25.512-06:00 DEBUG 24748 --- [ProyectoTiendaRopa] [           main] org.hibernate.type.BasicTypeRegistry     : Adding type registration vector -> org.hibernate.type.BasicTypeReference@5b48f0f4
2024-06-29T15:50:25.512-06:00 DEBUG 24748 --- [ProyectoTiendaRopa] [           main] org.hibernate.type.BasicTypeRegistry     : Adding type registration row_version -> org.hibernate.type.BasicTypeReference@546ed2a0
2024-06-29T15:50:25.525-06:00 DEBUG 24748 --- [ProyectoTiendaRopa] [           main] org.hibernate.type.BasicTypeRegistry     : Adding type registration object -> org.hibernate.type.JavaObjectType@272778ae
2024-06-29T15:50:25.526-06:00 DEBUG 24748 --- [ProyectoTiendaRopa] [           main] org.hibernate.type.BasicTypeRegistry     : Adding type registration java.lang.Object -> org.hibernate.type.JavaObjectType@272778ae
2024-06-29T15:50:25.527-06:00 DEBUG 24748 --- [ProyectoTiendaRopa] [           main] org.hibernate.type.BasicTypeRegistry     : Adding type registration null -> org.hibernate.type.NullType@120aa40b
2024-06-29T15:50:25.528-06:00 DEBUG 24748 --- [ProyectoTiendaRopa] [           main] org.hibernate.type.BasicTypeRegistry     : Adding type registration imm_date -> org.hibernate.type.BasicTypeReference@32ab408e
2024-06-29T15:50:25.528-06:00 DEBUG 24748 --- [ProyectoTiendaRopa] [           main] org.hibernate.type.BasicTypeRegistry     : Adding type registration imm_time -> org.hibernate.type.BasicTypeReference@6ad6443
2024-06-29T15:50:25.528-06:00 DEBUG 24748 --- [ProyectoTiendaRopa] [           main] org.hibernate.type.BasicTypeRegistry     : Adding type registration imm_timestamp -> org.hibernate.type.BasicTypeReference@78b03788
2024-06-29T15:50:25.528-06:00 DEBUG 24748 --- [ProyectoTiendaRopa] [           main] org.hibernate.type.BasicTypeRegistry     : Adding type registration imm_calendar -> org.hibernate.type.BasicTypeReference@3f5dfe69
2024-06-29T15:50:25.528-06:00 DEBUG 24748 --- [ProyectoTiendaRopa] [           main] org.hibernate.type.BasicTypeRegistry     : Adding type registration imm_calendar_date -> org.hibernate.type.BasicTypeReference@571a663c
2024-06-29T15:50:25.528-06:00 DEBUG 24748 --- [ProyectoTiendaRopa] [           main] org.hibernate.type.BasicTypeRegistry     : Adding type registration imm_calendar_time -> org.hibernate.type.BasicTypeReference@3a788fe0
2024-06-29T15:50:25.528-06:00 DEBUG 24748 --- [ProyectoTiendaRopa] [           main] org.hibernate.type.BasicTypeRegistry     : Adding type registration imm_binary -> org.hibernate.type.BasicTypeReference@430df350
2024-06-29T15:50:25.528-06:00 DEBUG 24748 --- [ProyectoTiendaRopa] [           main] org.hibernate.type.BasicTypeRegistry     : Adding type registration imm_serializable -> org.hibernate.type.BasicTypeReference@1373e3ee
2024-06-29T15:50:25.535-06:00 DEBUG 24748 --- [ProyectoTiendaRopa] [           main] o.h.boot.internal.BootstrapContextImpl   : Injecting JPA temp ClassLoader [org.springframework.instrument.classloading.SimpleThrowawayClassLoader@27898e13] into BootstrapContext; was [null]
2024-06-29T15:50:25.535-06:00 DEBUG 24748 --- [ProyectoTiendaRopa] [           main] o.h.boot.internal.ClassLoaderAccessImpl  : ClassLoaderAccessImpl#injectTempClassLoader(org.springframework.instrument.classloading.SimpleThrowawayClassLoader@27898e13) [was null]
2024-06-29T15:50:25.536-06:00 DEBUG 24748 --- [ProyectoTiendaRopa] [           main] o.h.boot.internal.BootstrapContextImpl   : Injecting ScanEnvironment [org.hibernate.jpa.boot.internal.StandardJpaScanEnvironmentImpl@4a1a412e] into BootstrapContext; was [null]
2024-06-29T15:50:25.536-06:00 DEBUG 24748 --- [ProyectoTiendaRopa] [           main] o.h.boot.internal.BootstrapContextImpl   : Injecting ScanOptions [org.hibernate.boot.archive.scan.internal.StandardScanOptions@c568f91] into BootstrapContext; was [org.hibernate.boot.archive.scan.internal.StandardScanOptions@5fd43e58]
2024-06-29T15:50:25.762-06:00  INFO 24748 --- [ProyectoTiendaRopa] [           main] o.s.o.j.p.SpringPersistenceUnitInfo      : No LoadTimeWeaver setup: ignoring JPA class transformer
2024-06-29T15:50:25.763-06:00 DEBUG 24748 --- [ProyectoTiendaRopa] [           main] o.h.boot.internal.BootstrapContextImpl   : Injecting JPA temp ClassLoader [null] into BootstrapContext; was [org.springframework.instrument.classloading.SimpleThrowawayClassLoader@27898e13]
2024-06-29T15:50:25.763-06:00 DEBUG 24748 --- [ProyectoTiendaRopa] [           main] o.h.boot.internal.ClassLoaderAccessImpl  : ClassLoaderAccessImpl#injectTempClassLoader(null) [was org.springframework.instrument.classloading.SimpleThrowawayClassLoader@27898e13]
2024-06-29T15:50:25.808-06:00  INFO 24748 --- [ProyectoTiendaRopa] [           main] com.zaxxer.hikari.HikariDataSource       : HikariPool-1 - Starting...
2024-06-29T15:50:30.430-06:00  INFO 24748 --- [ProyectoTiendaRopa] [           main] com.zaxxer.hikari.pool.HikariPool        : HikariPool-1 - Added connection org.postgresql.jdbc.PgConnection@1de85972
2024-06-29T15:50:30.433-06:00  INFO 24748 --- [ProyectoTiendaRopa] [           main] com.zaxxer.hikari.HikariDataSource       : HikariPool-1 - Start completed.
2024-06-29T15:50:30.438-06:00 DEBUG 24748 --- [ProyectoTiendaRopa] [           main] o.h.e.j.e.i.JdbcEnvironmentInitiator     : Database ->
       name : PostgreSQL
    version : 15.1 (Ubuntu 15.1-1.pgdg20.04+1)
      major : 15
      minor : 1
2024-06-29T15:50:30.438-06:00 DEBUG 24748 --- [ProyectoTiendaRopa] [           main] o.h.e.j.e.i.JdbcEnvironmentInitiator     : Driver ->
       name : PostgreSQL JDBC Driver
    version : 42.6.2
      major : 42
      minor : 6
2024-06-29T15:50:30.439-06:00 DEBUG 24748 --- [ProyectoTiendaRopa] [           main] o.h.e.j.e.i.JdbcEnvironmentInitiator     : JDBC version : 4.2
2024-06-29T15:50:30.654-06:00  WARN 24748 --- [ProyectoTiendaRopa] [           main] org.hibernate.orm.deprecation            : HHH90000025: PostgreSQLDialect does not need to be specified explicitly using 'hibernate.dialect' (remove the property setting and it will be selected by default)
2024-06-29T15:50:30.657-06:00 DEBUG 24748 --- [ProyectoTiendaRopa] [           main] org.hibernate.orm.dialect                : HHH035001: Using dialect: org.hibernate.dialect.PostgreSQLDialect, version: 15.1
2024-06-29T15:50:30.663-06:00 DEBUG 24748 --- [ProyectoTiendaRopa] [           main] o.h.e.j.env.spi.IdentifierHelperBuilder  : JDBC driver metadata reported database stores quoted identifiers in neither upper, lower nor mixed case
2024-06-29T15:50:31.461-06:00 DEBUG 24748 --- [ProyectoTiendaRopa] [           main] org.hibernate.orm.jdbc.lob               : HHH10010004: Disabling contextual LOB creation as Dialect reported it is not supported
2024-06-29T15:50:31.477-06:00 DEBUG 24748 --- [ProyectoTiendaRopa] [           main] o.h.t.d.sql.spi.DdlTypeRegistry          : addDescriptor(2003, org.hibernate.type.descriptor.sql.internal.ArrayDdlTypeImpl@2f9addd4) replaced previous registration(org.hibernate.type.descriptor.sql.internal.ArrayDdlTypeImpl@1c43df76)
2024-06-29T15:50:31.477-06:00 DEBUG 24748 --- [ProyectoTiendaRopa] [           main] o.h.t.d.sql.spi.DdlTypeRegistry          : addDescriptor(6, org.hibernate.type.descriptor.sql.internal.CapacityDependentDdlType@ff2266c) replaced previous registration(org.hibernate.type.descriptor.sql.internal.DdlTypeImpl@71b3ba5a)
2024-06-29T15:50:31.480-06:00 DEBUG 24748 --- [ProyectoTiendaRopa] [           main] o.h.t.d.jdbc.spi.JdbcTypeRegistry        : addDescriptor(2004, BlobTypeDescriptor(BLOB_BINDING)) replaced previous registration(BlobTypeDescriptor(DEFAULT))
2024-06-29T15:50:31.480-06:00 DEBUG 24748 --- [ProyectoTiendaRopa] [           main] o.h.t.d.jdbc.spi.JdbcTypeRegistry        : addDescriptor(2005, ClobTypeDescriptor(CLOB_BINDING)) replaced previous registration(ClobTypeDescriptor(DEFAULT))
2024-06-29T15:50:31.492-06:00 DEBUG 24748 --- [ProyectoTiendaRopa] [           main] org.hibernate.type.BasicTypeRegistry     : Adding type registration JAVA_OBJECT -> org.hibernate.type.JavaObjectType@2e1ba142
2024-06-29T15:50:31.492-06:00 DEBUG 24748 --- [ProyectoTiendaRopa] [           main] org.hibernate.type.BasicTypeRegistry     : Adding type registration java.lang.Object -> org.hibernate.type.JavaObjectType@2e1ba142
2024-06-29T15:50:31.492-06:00 DEBUG 24748 --- [ProyectoTiendaRopa] [           main] org.hibernate.type.BasicTypeRegistry     : Type registration key [java.lang.Object] overrode previous entry : `org.hibernate.type.JavaObjectType@272778ae`
2024-06-29T15:50:31.496-06:00 DEBUG 24748 --- [ProyectoTiendaRopa] [           main] org.hibernate.type.BasicTypeRegistry     : Adding type registration org.hibernate.type.DurationType -> basicType@1(java.time.Duration,3015)
2024-06-29T15:50:31.496-06:00 DEBUG 24748 --- [ProyectoTiendaRopa] [           main] org.hibernate.type.BasicTypeRegistry     : Adding type registration Duration -> basicType@1(java.time.Duration,3015)
2024-06-29T15:50:31.496-06:00 DEBUG 24748 --- [ProyectoTiendaRopa] [           main] org.hibernate.type.BasicTypeRegistry     : Adding type registration java.time.Duration -> basicType@1(java.time.Duration,3015)
2024-06-29T15:50:31.499-06:00 DEBUG 24748 --- [ProyectoTiendaRopa] [           main] org.hibernate.type.BasicTypeRegistry     : Adding type registration org.hibernate.type.OffsetDateTimeType -> basicType@2(java.time.OffsetDateTime,3003)
2024-06-29T15:50:31.499-06:00 DEBUG 24748 --- [ProyectoTiendaRopa] [           main] org.hibernate.type.BasicTypeRegistry     : Adding type registration OffsetDateTime -> basicType@2(java.time.OffsetDateTime,3003)
2024-06-29T15:50:31.500-06:00 DEBUG 24748 --- [ProyectoTiendaRopa] [           main] org.hibernate.type.BasicTypeRegistry     : Adding type registration java.time.OffsetDateTime -> basicType@2(java.time.OffsetDateTime,3003)
2024-06-29T15:50:31.500-06:00 DEBUG 24748 --- [ProyectoTiendaRopa] [           main] org.hibernate.type.BasicTypeRegistry     : Adding type registration org.hibernate.type.ZonedDateTimeType -> basicType@3(java.time.ZonedDateTime,3003)
2024-06-29T15:50:31.500-06:00 DEBUG 24748 --- [ProyectoTiendaRopa] [           main] org.hibernate.type.BasicTypeRegistry     : Adding type registration ZonedDateTime -> basicType@3(java.time.ZonedDateTime,3003)
2024-06-29T15:50:31.500-06:00 DEBUG 24748 --- [ProyectoTiendaRopa] [           main] org.hibernate.type.BasicTypeRegistry     : Adding type registration java.time.ZonedDateTime -> basicType@3(java.time.ZonedDateTime,3003)
2024-06-29T15:50:31.500-06:00 DEBUG 24748 --- [ProyectoTiendaRopa] [           main] org.hibernate.type.BasicTypeRegistry     : Adding type registration org.hibernate.type.OffsetTimeType -> basicType@4(java.time.OffsetTime,3007)
2024-06-29T15:50:31.500-06:00 DEBUG 24748 --- [ProyectoTiendaRopa] [           main] org.hibernate.type.BasicTypeRegistry     : Adding type registration OffsetTime -> basicType@4(java.time.OffsetTime,3007)
2024-06-29T15:50:31.500-06:00 DEBUG 24748 --- [ProyectoTiendaRopa] [           main] org.hibernate.type.BasicTypeRegistry     : Adding type registration java.time.OffsetTime -> basicType@4(java.time.OffsetTime,3007)
2024-06-29T15:50:31.503-06:00 DEBUG 24748 --- [ProyectoTiendaRopa] [           main] o.h.type.spi.TypeConfiguration$Scope     : Scoping TypeConfiguration [org.hibernate.type.spi.TypeConfiguration@11c3d22f] to MetadataBuildingContext [org.hibernate.boot.internal.MetadataBuildingContextRootImpl@3a54638b]
2024-06-29T15:50:31.546-06:00 DEBUG 24748 --- [ProyectoTiendaRopa] [           main] o.h.boot.model.relational.Namespace      : Created database namespace [logicalName=Name{catalog=null, schema=null}, physicalName=Name{catalog=null, schema=null}]
2024-06-29T15:50:31.573-06:00 DEBUG 24748 --- [ProyectoTiendaRopa] [           main] o.h.boot.model.internal.EntityBinder     : Binding entity from annotated class: com.ipn.mx.modelo.entidades.Categoria
2024-06-29T15:50:31.584-06:00 DEBUG 24748 --- [ProyectoTiendaRopa] [           main] o.h.boot.model.internal.EntityBinder     : Import with entity name Categoria
2024-06-29T15:50:31.591-06:00 DEBUG 24748 --- [ProyectoTiendaRopa] [           main] o.h.boot.model.internal.EntityBinder     : Bind entity com.ipn.mx.modelo.entidades.Categoria on table categoria
2024-06-29T15:50:31.601-06:00 DEBUG 24748 --- [ProyectoTiendaRopa] [           main] o.h.boot.model.internal.AnnotatedColumn  : Binding column: AnnotatedDiscriminatorColumn(column='DTYPE')
2024-06-29T15:50:31.616-06:00 DEBUG 24748 --- [ProyectoTiendaRopa] [           main] o.h.boot.model.internal.AnnotatedColumn  : Binding column: AnnotatedColumn(column='idcategoria')
2024-06-29T15:50:31.617-06:00 DEBUG 24748 --- [ProyectoTiendaRopa] [           main] o.h.boot.internal.ClassLoaderAccessImpl  : Not known whether passed class name [com.ipn.mx.modelo.entidades.Categoria] is safe
2024-06-29T15:50:31.618-06:00 DEBUG 24748 --- [ProyectoTiendaRopa] [           main] o.h.boot.internal.ClassLoaderAccessImpl  : No temp ClassLoader provided; using live ClassLoader for loading potentially unsafe class : com.ipn.mx.modelo.entidades.Categoria
2024-06-29T15:50:31.620-06:00 DEBUG 24748 --- [ProyectoTiendaRopa] [           main] o.h.boot.model.internal.PropertyBinder   : MetadataSourceProcessor property idCategoria with lazy=false
2024-06-29T15:50:31.624-06:00 DEBUG 24748 --- [ProyectoTiendaRopa] [           main] o.h.b.m.internal.AbstractPropertyHolder  : Attempting to locate auto-apply AttributeConverter for property [com.ipn.mx.modelo.entidades.Categoria:idCategoria]
2024-06-29T15:50:31.626-06:00 DEBUG 24748 --- [ProyectoTiendaRopa] [           main] o.h.b.model.internal.BasicValueBinder    : building BasicValue for idCategoria
2024-06-29T15:50:31.629-06:00 DEBUG 24748 --- [ProyectoTiendaRopa] [           main] org.hibernate.mapping.BasicValue         : Skipping column re-registration: categoria.idcategoria
2024-06-29T15:50:31.629-06:00 DEBUG 24748 --- [ProyectoTiendaRopa] [           main] o.h.boot.model.internal.PropertyBinder   : Building property idCategoria
2024-06-29T15:50:31.631-06:00 DEBUG 24748 --- [ProyectoTiendaRopa] [           main] o.h.boot.model.internal.BinderHelper     : #makeIdGenerator(BasicValue([Column(idcategoria)]), idCategoria, identity, , ...)
2024-06-29T15:50:31.633-06:00 DEBUG 24748 --- [ProyectoTiendaRopa] [           main] o.h.boot.model.internal.AnnotatedColumn  : Binding column: AnnotatedColumn(column='nombre')
2024-06-29T15:50:31.633-06:00 DEBUG 24748 --- [ProyectoTiendaRopa] [           main] o.h.boot.model.internal.PropertyBinder   : MetadataSourceProcessor property nombre with lazy=false
2024-06-29T15:50:31.633-06:00 DEBUG 24748 --- [ProyectoTiendaRopa] [           main] o.h.b.m.internal.AbstractPropertyHolder  : Attempting to locate auto-apply AttributeConverter for property [com.ipn.mx.modelo.entidades.Categoria:nombre]
2024-06-29T15:50:31.633-06:00 DEBUG 24748 --- [ProyectoTiendaRopa] [           main] o.h.b.model.internal.BasicValueBinder    : building BasicValue for nombre
2024-06-29T15:50:31.633-06:00 DEBUG 24748 --- [ProyectoTiendaRopa] [           main] org.hibernate.mapping.BasicValue         : Skipping column re-registration: categoria.nombre
2024-06-29T15:50:31.633-06:00 DEBUG 24748 --- [ProyectoTiendaRopa] [           main] o.h.boot.model.internal.PropertyBinder   : Building property nombre
2024-06-29T15:50:31.633-06:00 DEBUG 24748 --- [ProyectoTiendaRopa] [           main] o.h.boot.model.internal.AnnotatedColumn  : Binding column: AnnotatedColumn(column='tipo')
2024-06-29T15:50:31.634-06:00 DEBUG 24748 --- [ProyectoTiendaRopa] [           main] o.h.boot.model.internal.PropertyBinder   : MetadataSourceProcessor property tipo with lazy=false
2024-06-29T15:50:31.634-06:00 DEBUG 24748 --- [ProyectoTiendaRopa] [           main] o.h.b.m.internal.AbstractPropertyHolder  : Attempting to locate auto-apply AttributeConverter for property [com.ipn.mx.modelo.entidades.Categoria:tipo]
2024-06-29T15:50:31.634-06:00 DEBUG 24748 --- [ProyectoTiendaRopa] [           main] o.h.b.model.internal.BasicValueBinder    : building BasicValue for tipo
2024-06-29T15:50:31.634-06:00 DEBUG 24748 --- [ProyectoTiendaRopa] [           main] org.hibernate.mapping.BasicValue         : Skipping column re-registration: categoria.tipo
2024-06-29T15:50:31.634-06:00 DEBUG 24748 --- [ProyectoTiendaRopa] [           main] o.h.boot.model.internal.PropertyBinder   : Building property tipo
2024-06-29T15:50:31.635-06:00 DEBUG 24748 --- [ProyectoTiendaRopa] [           main] o.h.b.r.c.i.ClassLoaderServiceImpl       : HHH000194: Package not found or wo package-info.java: com.ipn.mx.modelo.entidades
2024-06-29T15:50:31.642-06:00 DEBUG 24748 --- [ProyectoTiendaRopa] [           main] o.h.boot.model.internal.EntityBinder     : Binding entity from annotated class: com.ipn.mx.modelo.entidades.Cliente
2024-06-29T15:50:31.643-06:00 DEBUG 24748 --- [ProyectoTiendaRopa] [           main] o.h.boot.model.internal.EntityBinder     : Import with entity name Cliente
2024-06-29T15:50:31.643-06:00 DEBUG 24748 --- [ProyectoTiendaRopa] [           main] o.h.boot.model.internal.EntityBinder     : Bind entity com.ipn.mx.modelo.entidades.Cliente on table cliente
2024-06-29T15:50:31.643-06:00 DEBUG 24748 --- [ProyectoTiendaRopa] [           main] o.h.boot.model.internal.AnnotatedColumn  : Binding column: AnnotatedDiscriminatorColumn(column='DTYPE')
2024-06-29T15:50:31.647-06:00 DEBUG 24748 --- [ProyectoTiendaRopa] [           main] o.h.boot.model.internal.AnnotatedColumn  : Binding column: AnnotatedColumn()
2024-06-29T15:50:31.647-06:00 DEBUG 24748 --- [ProyectoTiendaRopa] [           main] o.h.boot.internal.ClassLoaderAccessImpl  : Not known whether passed class name [com.ipn.mx.modelo.entidades.Cliente] is safe
2024-06-29T15:50:31.647-06:00 DEBUG 24748 --- [ProyectoTiendaRopa] [           main] o.h.boot.internal.ClassLoaderAccessImpl  : No temp ClassLoader provided; using live ClassLoader for loading potentially unsafe class : com.ipn.mx.modelo.entidades.Cliente
2024-06-29T15:50:31.647-06:00 DEBUG 24748 --- [ProyectoTiendaRopa] [           main] o.h.boot.model.internal.PropertyBinder   : MetadataSourceProcessor property idcliente with lazy=false
2024-06-29T15:50:31.647-06:00 DEBUG 24748 --- [ProyectoTiendaRopa] [           main] o.h.b.m.internal.AbstractPropertyHolder  : Attempting to locate auto-apply AttributeConverter for property [com.ipn.mx.modelo.entidades.Cliente:idcliente]
2024-06-29T15:50:31.647-06:00 DEBUG 24748 --- [ProyectoTiendaRopa] [           main] o.h.b.model.internal.BasicValueBinder    : building BasicValue for idcliente
2024-06-29T15:50:31.647-06:00 DEBUG 24748 --- [ProyectoTiendaRopa] [           main] org.hibernate.mapping.BasicValue         : Skipping column re-registration: cliente.idcliente
2024-06-29T15:50:31.648-06:00 DEBUG 24748 --- [ProyectoTiendaRopa] [           main] o.h.boot.model.internal.PropertyBinder   : Building property idcliente
2024-06-29T15:50:31.648-06:00 DEBUG 24748 --- [ProyectoTiendaRopa] [           main] o.h.boot.model.internal.BinderHelper     : #makeIdGenerator(BasicValue([Column(idcliente)]), idcliente, identity, , ...)
2024-06-29T15:50:31.650-06:00 DEBUG 24748 --- [ProyectoTiendaRopa] [           main] o.h.boot.model.internal.AnnotatedColumn  : Binding column: AnnotatedColumn(column='correo')
2024-06-29T15:50:31.650-06:00 DEBUG 24748 --- [ProyectoTiendaRopa] [           main] o.h.boot.model.internal.PropertyBinder   : MetadataSourceProcessor property correo with lazy=false
2024-06-29T15:50:31.650-06:00 DEBUG 24748 --- [ProyectoTiendaRopa] [           main] o.h.b.m.internal.AbstractPropertyHolder  : Attempting to locate auto-apply AttributeConverter for property [com.ipn.mx.modelo.entidades.Cliente:correo]
2024-06-29T15:50:31.650-06:00 DEBUG 24748 --- [ProyectoTiendaRopa] [           main] o.h.b.model.internal.BasicValueBinder    : building BasicValue for correo
2024-06-29T15:50:31.650-06:00 DEBUG 24748 --- [ProyectoTiendaRopa] [           main] org.hibernate.mapping.BasicValue         : Skipping column re-registration: cliente.correo
2024-06-29T15:50:31.650-06:00 DEBUG 24748 --- [ProyectoTiendaRopa] [           main] o.h.boot.model.internal.PropertyBinder   : Building property correo
2024-06-29T15:50:31.650-06:00 DEBUG 24748 --- [ProyectoTiendaRopa] [           main] o.h.boot.model.internal.AnnotatedColumn  : Binding column: AnnotatedColumn(column='direccion')
2024-06-29T15:50:31.650-06:00 DEBUG 24748 --- [ProyectoTiendaRopa] [           main] o.h.boot.model.internal.PropertyBinder   : MetadataSourceProcessor property direccion with lazy=false
2024-06-29T15:50:31.650-06:00 DEBUG 24748 --- [ProyectoTiendaRopa] [           main] o.h.b.m.internal.AbstractPropertyHolder  : Attempting to locate auto-apply AttributeConverter for property [com.ipn.mx.modelo.entidades.Cliente:direccion]
2024-06-29T15:50:31.650-06:00 DEBUG 24748 --- [ProyectoTiendaRopa] [           main] o.h.b.model.internal.BasicValueBinder    : building BasicValue for direccion
2024-06-29T15:50:31.650-06:00 DEBUG 24748 --- [ProyectoTiendaRopa] [           main] org.hibernate.mapping.BasicValue         : Skipping column re-registration: cliente.direccion
2024-06-29T15:50:31.651-06:00 DEBUG 24748 --- [ProyectoTiendaRopa] [           main] o.h.boot.model.internal.PropertyBinder   : Building property direccion
2024-06-29T15:50:31.651-06:00 DEBUG 24748 --- [ProyectoTiendaRopa] [           main] o.h.boot.model.internal.AnnotatedColumn  : Binding column: AnnotatedColumn(column='nombre')
2024-06-29T15:50:31.651-06:00 DEBUG 24748 --- [ProyectoTiendaRopa] [           main] o.h.boot.model.internal.PropertyBinder   : MetadataSourceProcessor property nombre with lazy=false
2024-06-29T15:50:31.651-06:00 DEBUG 24748 --- [ProyectoTiendaRopa] [           main] o.h.b.m.internal.AbstractPropertyHolder  : Attempting to locate auto-apply AttributeConverter for property [com.ipn.mx.modelo.entidades.Cliente:nombre]
2024-06-29T15:50:31.651-06:00 DEBUG 24748 --- [ProyectoTiendaRopa] [           main] o.h.b.model.internal.BasicValueBinder    : building BasicValue for nombre
2024-06-29T15:50:31.651-06:00 DEBUG 24748 --- [ProyectoTiendaRopa] [           main] org.hibernate.mapping.BasicValue         : Skipping column re-registration: cliente.nombre
2024-06-29T15:50:31.651-06:00 DEBUG 24748 --- [ProyectoTiendaRopa] [           main] o.h.boot.model.internal.PropertyBinder   : Building property nombre
2024-06-29T15:50:31.651-06:00 DEBUG 24748 --- [ProyectoTiendaRopa] [           main] o.h.boot.model.internal.AnnotatedColumn  : Binding column: AnnotatedColumn(column='telefono')
2024-06-29T15:50:31.651-06:00 DEBUG 24748 --- [ProyectoTiendaRopa] [           main] o.h.boot.model.internal.PropertyBinder   : MetadataSourceProcessor property telefono with lazy=false
2024-06-29T15:50:31.651-06:00 DEBUG 24748 --- [ProyectoTiendaRopa] [           main] o.h.b.m.internal.AbstractPropertyHolder  : Attempting to locate auto-apply AttributeConverter for property [com.ipn.mx.modelo.entidades.Cliente:telefono]
2024-06-29T15:50:31.651-06:00 DEBUG 24748 --- [ProyectoTiendaRopa] [           main] o.h.b.model.internal.BasicValueBinder    : building BasicValue for telefono
2024-06-29T15:50:31.651-06:00 DEBUG 24748 --- [ProyectoTiendaRopa] [           main] org.hibernate.mapping.BasicValue         : Skipping column re-registration: cliente.telefono
2024-06-29T15:50:31.651-06:00 DEBUG 24748 --- [ProyectoTiendaRopa] [           main] o.h.boot.model.internal.PropertyBinder   : Building property telefono
2024-06-29T15:50:31.652-06:00 DEBUG 24748 --- [ProyectoTiendaRopa] [           main] o.h.b.r.c.i.ClassLoaderServiceImpl       : HHH000194: Package not found or wo package-info.java: com.ipn.mx.modelo.entidades
2024-06-29T15:50:31.652-06:00 DEBUG 24748 --- [ProyectoTiendaRopa] [           main] o.h.boot.model.internal.EntityBinder     : Binding entity from annotated class: com.ipn.mx.modelo.entidades.Envio
2024-06-29T15:50:31.653-06:00 DEBUG 24748 --- [ProyectoTiendaRopa] [           main] o.h.boot.model.internal.EntityBinder     : Import with entity name Envio
2024-06-29T15:50:31.653-06:00 DEBUG 24748 --- [ProyectoTiendaRopa] [           main] o.h.boot.model.internal.EntityBinder     : Bind entity com.ipn.mx.modelo.entidades.Envio on table Envio
2024-06-29T15:50:31.653-06:00 DEBUG 24748 --- [ProyectoTiendaRopa] [           main] o.h.boot.model.internal.AnnotatedColumn  : Binding column: AnnotatedDiscriminatorColumn(column='DTYPE')
2024-06-29T15:50:31.658-06:00 DEBUG 24748 --- [ProyectoTiendaRopa] [           main] o.h.boot.model.internal.AnnotatedColumn  : Binding column: AnnotatedColumn(column='idEnvio')
2024-06-29T15:50:31.658-06:00 DEBUG 24748 --- [ProyectoTiendaRopa] [           main] o.h.boot.internal.ClassLoaderAccessImpl  : Not known whether passed class name [com.ipn.mx.modelo.entidades.Envio] is safe
2024-06-29T15:50:31.658-06:00 DEBUG 24748 --- [ProyectoTiendaRopa] [           main] o.h.boot.internal.ClassLoaderAccessImpl  : No temp ClassLoader provided; using live ClassLoader for loading potentially unsafe class : com.ipn.mx.modelo.entidades.Envio
2024-06-29T15:50:31.658-06:00 DEBUG 24748 --- [ProyectoTiendaRopa] [           main] o.h.boot.model.internal.PropertyBinder   : MetadataSourceProcessor property idEnvio with lazy=false
2024-06-29T15:50:31.658-06:00 DEBUG 24748 --- [ProyectoTiendaRopa] [           main] o.h.b.m.internal.AbstractPropertyHolder  : Attempting to locate auto-apply AttributeConverter for property [com.ipn.mx.modelo.entidades.Envio:idEnvio]
2024-06-29T15:50:31.658-06:00 DEBUG 24748 --- [ProyectoTiendaRopa] [           main] o.h.b.model.internal.BasicValueBinder    : building BasicValue for idEnvio
2024-06-29T15:50:31.658-06:00 DEBUG 24748 --- [ProyectoTiendaRopa] [           main] org.hibernate.mapping.BasicValue         : Skipping column re-registration: Envio.idEnvio
2024-06-29T15:50:31.658-06:00 DEBUG 24748 --- [ProyectoTiendaRopa] [           main] o.h.boot.model.internal.PropertyBinder   : Building property idEnvio
2024-06-29T15:50:31.658-06:00 DEBUG 24748 --- [ProyectoTiendaRopa] [           main] o.h.boot.model.internal.BinderHelper     : #makeIdGenerator(BasicValue([Column(idEnvio)]), idEnvio, identity, , ...)
2024-06-29T15:50:31.658-06:00 DEBUG 24748 --- [ProyectoTiendaRopa] [           main] o.h.boot.model.internal.AnnotatedColumn  : Binding column: AnnotatedColumn(column='correo')
2024-06-29T15:50:31.659-06:00 DEBUG 24748 --- [ProyectoTiendaRopa] [           main] o.h.boot.model.internal.PropertyBinder   : MetadataSourceProcessor property correo with lazy=false
2024-06-29T15:50:31.659-06:00 DEBUG 24748 --- [ProyectoTiendaRopa] [           main] o.h.b.m.internal.AbstractPropertyHolder  : Attempting to locate auto-apply AttributeConverter for property [com.ipn.mx.modelo.entidades.Envio:correo]
2024-06-29T15:50:31.659-06:00 DEBUG 24748 --- [ProyectoTiendaRopa] [           main] o.h.b.model.internal.BasicValueBinder    : building BasicValue for correo
2024-06-29T15:50:31.659-06:00 DEBUG 24748 --- [ProyectoTiendaRopa] [           main] org.hibernate.mapping.BasicValue         : Skipping column re-registration: Envio.correo
2024-06-29T15:50:31.659-06:00 DEBUG 24748 --- [ProyectoTiendaRopa] [           main] o.h.boot.model.internal.PropertyBinder   : Building property correo
2024-06-29T15:50:31.659-06:00 DEBUG 24748 --- [ProyectoTiendaRopa] [           main] o.h.boot.model.internal.AnnotatedColumn  : Binding column: AnnotatedColumn(column='costo')
2024-06-29T15:50:31.659-06:00 DEBUG 24748 --- [ProyectoTiendaRopa] [           main] o.h.boot.model.internal.PropertyBinder   : MetadataSourceProcessor property costo with lazy=false
2024-06-29T15:50:31.659-06:00 DEBUG 24748 --- [ProyectoTiendaRopa] [           main] o.h.b.m.internal.AbstractPropertyHolder  : Attempting to locate auto-apply AttributeConverter for property [com.ipn.mx.modelo.entidades.Envio:costo]
2024-06-29T15:50:31.659-06:00 DEBUG 24748 --- [ProyectoTiendaRopa] [           main] o.h.b.model.internal.BasicValueBinder    : building BasicValue for costo
2024-06-29T15:50:31.659-06:00 DEBUG 24748 --- [ProyectoTiendaRopa] [           main] org.hibernate.mapping.BasicValue         : Skipping column re-registration: Envio.costo
2024-06-29T15:50:31.659-06:00 DEBUG 24748 --- [ProyectoTiendaRopa] [           main] o.h.boot.model.internal.PropertyBinder   : Building property costo
2024-06-29T15:50:31.659-06:00 DEBUG 24748 --- [ProyectoTiendaRopa] [           main] o.h.boot.model.internal.AnnotatedColumn  : Binding column: AnnotatedColumn(column='empresaProcediente')
2024-06-29T15:50:31.659-06:00 DEBUG 24748 --- [ProyectoTiendaRopa] [           main] o.h.boot.model.internal.PropertyBinder   : MetadataSourceProcessor property empresaProcediente with lazy=false
2024-06-29T15:50:31.659-06:00 DEBUG 24748 --- [ProyectoTiendaRopa] [           main] o.h.b.m.internal.AbstractPropertyHolder  : Attempting to locate auto-apply AttributeConverter for property [com.ipn.mx.modelo.entidades.Envio:empresaProcediente]
2024-06-29T15:50:31.660-06:00 DEBUG 24748 --- [ProyectoTiendaRopa] [           main] o.h.b.model.internal.BasicValueBinder    : building BasicValue for empresaProcediente
2024-06-29T15:50:31.660-06:00 DEBUG 24748 --- [ProyectoTiendaRopa] [           main] org.hibernate.mapping.BasicValue         : Skipping column re-registration: Envio.empresaProcediente
2024-06-29T15:50:31.660-06:00 DEBUG 24748 --- [ProyectoTiendaRopa] [           main] o.h.boot.model.internal.PropertyBinder   : Building property empresaProcediente
2024-06-29T15:50:31.661-06:00 DEBUG 24748 --- [ProyectoTiendaRopa] [           main] o.h.boot.model.internal.AnnotatedColumn  : Binding column: AnnotatedColumn(column='nombreRepartidor')
2024-06-29T15:50:31.661-06:00 DEBUG 24748 --- [ProyectoTiendaRopa] [           main] o.h.boot.model.internal.PropertyBinder   : MetadataSourceProcessor property nombreRepartidor with lazy=false
2024-06-29T15:50:31.661-06:00 DEBUG 24748 --- [ProyectoTiendaRopa] [           main] o.h.b.m.internal.AbstractPropertyHolder  : Attempting to locate auto-apply AttributeConverter for property [com.ipn.mx.modelo.entidades.Envio:nombreRepartidor]
2024-06-29T15:50:31.661-06:00 DEBUG 24748 --- [ProyectoTiendaRopa] [           main] o.h.b.model.internal.BasicValueBinder    : building BasicValue for nombreRepartidor
2024-06-29T15:50:31.661-06:00 DEBUG 24748 --- [ProyectoTiendaRopa] [           main] org.hibernate.mapping.BasicValue         : Skipping column re-registration: Envio.nombreRepartidor
2024-06-29T15:50:31.661-06:00 DEBUG 24748 --- [ProyectoTiendaRopa] [           main] o.h.boot.model.internal.PropertyBinder   : Building property nombreRepartidor
2024-06-29T15:50:31.663-06:00 DEBUG 24748 --- [ProyectoTiendaRopa] [           main] o.h.boot.model.internal.AnnotatedColumn  : Binding column: AnnotatedJoinColumn(column='idPedido')
2024-06-29T15:50:31.664-06:00 DEBUG 24748 --- [ProyectoTiendaRopa] [           main] o.h.boot.model.internal.AnnotatedColumn  : Binding column: AnnotatedColumn()
2024-06-29T15:50:31.667-06:00 DEBUG 24748 --- [ProyectoTiendaRopa] [           main] o.h.boot.model.internal.PropertyBinder   : Building property pedido
2024-06-29T15:50:31.668-06:00 DEBUG 24748 --- [ProyectoTiendaRopa] [           main] o.h.b.r.c.i.ClassLoaderServiceImpl       : HHH000194: Package not found or wo package-info.java: com.ipn.mx.modelo.entidades
2024-06-29T15:50:31.668-06:00 DEBUG 24748 --- [ProyectoTiendaRopa] [           main] o.h.boot.model.internal.EntityBinder     : Binding entity from annotated class: com.ipn.mx.modelo.entidades.Historial
2024-06-29T15:50:31.669-06:00 DEBUG 24748 --- [ProyectoTiendaRopa] [           main] o.h.boot.model.internal.EntityBinder     : Import with entity name Historial
2024-06-29T15:50:31.669-06:00 DEBUG 24748 --- [ProyectoTiendaRopa] [           main] o.h.boot.model.internal.EntityBinder     : Bind entity com.ipn.mx.modelo.entidades.Historial on table historial
2024-06-29T15:50:31.669-06:00 DEBUG 24748 --- [ProyectoTiendaRopa] [           main] o.h.boot.model.internal.AnnotatedColumn  : Binding column: AnnotatedDiscriminatorColumn(column='DTYPE')
2024-06-29T15:50:31.672-06:00 DEBUG 24748 --- [ProyectoTiendaRopa] [           main] o.h.boot.model.internal.AnnotatedColumn  : Binding column: AnnotatedColumn(column='idhistorial')
2024-06-29T15:50:31.672-06:00 DEBUG 24748 --- [ProyectoTiendaRopa] [           main] o.h.boot.internal.ClassLoaderAccessImpl  : Not known whether passed class name [com.ipn.mx.modelo.entidades.Historial] is safe
2024-06-29T15:50:31.672-06:00 DEBUG 24748 --- [ProyectoTiendaRopa] [           main] o.h.boot.internal.ClassLoaderAccessImpl  : No temp ClassLoader provided; using live ClassLoader for loading potentially unsafe class : com.ipn.mx.modelo.entidades.Historial
2024-06-29T15:50:31.672-06:00 DEBUG 24748 --- [ProyectoTiendaRopa] [           main] o.h.boot.model.internal.PropertyBinder   : MetadataSourceProcessor property idhistorial with lazy=false
2024-06-29T15:50:31.672-06:00 DEBUG 24748 --- [ProyectoTiendaRopa] [           main] o.h.b.m.internal.AbstractPropertyHolder  : Attempting to locate auto-apply AttributeConverter for property [com.ipn.mx.modelo.entidades.Historial:idhistorial]
2024-06-29T15:50:31.672-06:00 DEBUG 24748 --- [ProyectoTiendaRopa] [           main] o.h.b.model.internal.BasicValueBinder    : building BasicValue for idhistorial
2024-06-29T15:50:31.673-06:00 DEBUG 24748 --- [ProyectoTiendaRopa] [           main] org.hibernate.mapping.BasicValue         : Skipping column re-registration: historial.idhistorial
2024-06-29T15:50:31.673-06:00 DEBUG 24748 --- [ProyectoTiendaRopa] [           main] o.h.boot.model.internal.PropertyBinder   : Building property idhistorial
2024-06-29T15:50:31.673-06:00 DEBUG 24748 --- [ProyectoTiendaRopa] [           main] o.h.boot.model.internal.BinderHelper     : #makeIdGenerator(BasicValue([Column(idhistorial)]), idhistorial, identity, , ...)
2024-06-29T15:50:31.673-06:00 DEBUG 24748 --- [ProyectoTiendaRopa] [           main] o.h.boot.model.internal.AnnotatedColumn  : Binding column: AnnotatedColumn(column='fecha')
2024-06-29T15:50:31.673-06:00 DEBUG 24748 --- [ProyectoTiendaRopa] [           main] o.h.boot.model.internal.PropertyBinder   : MetadataSourceProcessor property fecha with lazy=false
2024-06-29T15:50:31.673-06:00 DEBUG 24748 --- [ProyectoTiendaRopa] [           main] o.h.b.m.internal.AbstractPropertyHolder  : Attempting to locate auto-apply AttributeConverter for property [com.ipn.mx.modelo.entidades.Historial:fecha]
2024-06-29T15:50:31.673-06:00 DEBUG 24748 --- [ProyectoTiendaRopa] [           main] o.h.b.model.internal.BasicValueBinder    : building BasicValue for fecha
2024-06-29T15:50:31.673-06:00 DEBUG 24748 --- [ProyectoTiendaRopa] [           main] org.hibernate.mapping.BasicValue         : Skipping column re-registration: historial.fecha
2024-06-29T15:50:31.673-06:00 DEBUG 24748 --- [ProyectoTiendaRopa] [           main] o.h.boot.model.internal.PropertyBinder   : Building property fecha
2024-06-29T15:50:31.674-06:00 DEBUG 24748 --- [ProyectoTiendaRopa] [           main] o.h.boot.model.internal.AnnotatedColumn  : Binding column: AnnotatedColumn(column='foliocompra')
2024-06-29T15:50:31.674-06:00 DEBUG 24748 --- [ProyectoTiendaRopa] [           main] o.h.boot.model.internal.PropertyBinder   : MetadataSourceProcessor property folioCompra with lazy=false
2024-06-29T15:50:31.674-06:00 DEBUG 24748 --- [ProyectoTiendaRopa] [           main] o.h.b.m.internal.AbstractPropertyHolder  : Attempting to locate auto-apply AttributeConverter for property [com.ipn.mx.modelo.entidades.Historial:folioCompra]
2024-06-29T15:50:31.674-06:00 DEBUG 24748 --- [ProyectoTiendaRopa] [           main] o.h.b.model.internal.BasicValueBinder    : building BasicValue for folioCompra
2024-06-29T15:50:31.674-06:00 DEBUG 24748 --- [ProyectoTiendaRopa] [           main] org.hibernate.mapping.BasicValue         : Skipping column re-registration: historial.foliocompra
2024-06-29T15:50:31.674-06:00 DEBUG 24748 --- [ProyectoTiendaRopa] [           main] o.h.boot.model.internal.PropertyBinder   : Building property folioCompra
2024-06-29T15:50:31.674-06:00 DEBUG 24748 --- [ProyectoTiendaRopa] [           main] o.h.b.r.c.i.ClassLoaderServiceImpl       : HHH000194: Package not found or wo package-info.java: com.ipn.mx.modelo.entidades
2024-06-29T15:50:31.675-06:00 DEBUG 24748 --- [ProyectoTiendaRopa] [           main] o.h.boot.model.internal.EntityBinder     : Binding entity from annotated class: com.ipn.mx.modelo.entidades.Pago
2024-06-29T15:50:31.675-06:00 DEBUG 24748 --- [ProyectoTiendaRopa] [           main] o.h.boot.model.internal.EntityBinder     : Import with entity name Pago
2024-06-29T15:50:31.675-06:00 DEBUG 24748 --- [ProyectoTiendaRopa] [           main] o.h.boot.model.internal.EntityBinder     : Bind entity com.ipn.mx.modelo.entidades.Pago on table Pago
2024-06-29T15:50:31.675-06:00 DEBUG 24748 --- [ProyectoTiendaRopa] [           main] o.h.boot.model.internal.AnnotatedColumn  : Binding column: AnnotatedDiscriminatorColumn(column='DTYPE')
2024-06-29T15:50:31.683-06:00 DEBUG 24748 --- [ProyectoTiendaRopa] [           main] o.h.boot.model.internal.AnnotatedColumn  : Binding column: AnnotatedColumn(column='idDocumento')
2024-06-29T15:50:31.683-06:00 DEBUG 24748 --- [ProyectoTiendaRopa] [           main] o.h.boot.internal.ClassLoaderAccessImpl  : Not known whether passed class name [com.ipn.mx.modelo.entidades.Pago] is safe
2024-06-29T15:50:31.684-06:00 DEBUG 24748 --- [ProyectoTiendaRopa] [           main] o.h.boot.internal.ClassLoaderAccessImpl  : No temp ClassLoader provided; using live ClassLoader for loading potentially unsafe class : com.ipn.mx.modelo.entidades.Pago
2024-06-29T15:50:31.684-06:00 DEBUG 24748 --- [ProyectoTiendaRopa] [           main] o.h.boot.model.internal.PropertyBinder   : MetadataSourceProcessor property idPago with lazy=false
2024-06-29T15:50:31.684-06:00 DEBUG 24748 --- [ProyectoTiendaRopa] [           main] o.h.b.m.internal.AbstractPropertyHolder  : Attempting to locate auto-apply AttributeConverter for property [com.ipn.mx.modelo.entidades.Pago:idPago]
2024-06-29T15:50:31.684-06:00 DEBUG 24748 --- [ProyectoTiendaRopa] [           main] o.h.b.model.internal.BasicValueBinder    : building BasicValue for idPago
2024-06-29T15:50:31.684-06:00 DEBUG 24748 --- [ProyectoTiendaRopa] [           main] org.hibernate.mapping.BasicValue         : Skipping column re-registration: Pago.idDocumento
2024-06-29T15:50:31.684-06:00 DEBUG 24748 --- [ProyectoTiendaRopa] [           main] o.h.boot.model.internal.PropertyBinder   : Building property idPago
2024-06-29T15:50:31.684-06:00 DEBUG 24748 --- [ProyectoTiendaRopa] [           main] o.h.boot.model.internal.BinderHelper     : #makeIdGenerator(BasicValue([Column(idDocumento)]), idPago, identity, , ...)
2024-06-29T15:50:31.684-06:00 DEBUG 24748 --- [ProyectoTiendaRopa] [           main] o.h.boot.model.internal.AnnotatedColumn  : Binding column: AnnotatedJoinColumn(column='idPedido')
2024-06-29T15:50:31.684-06:00 DEBUG 24748 --- [ProyectoTiendaRopa] [           main] o.h.boot.model.internal.AnnotatedColumn  : Binding column: AnnotatedColumn()
2024-06-29T15:50:31.684-06:00 DEBUG 24748 --- [ProyectoTiendaRopa] [           main] o.h.boot.model.internal.PropertyBinder   : Building property pedido
2024-06-29T15:50:31.686-06:00 DEBUG 24748 --- [ProyectoTiendaRopa] [           main] o.h.boot.model.internal.AnnotatedColumn  : Binding column: AnnotatedColumn(column='totalPago')
2024-06-29T15:50:31.686-06:00 DEBUG 24748 --- [ProyectoTiendaRopa] [           main] o.h.boot.model.internal.PropertyBinder   : MetadataSourceProcessor property totalPago with lazy=false
2024-06-29T15:50:31.686-06:00 DEBUG 24748 --- [ProyectoTiendaRopa] [           main] o.h.b.m.internal.AbstractPropertyHolder  : Attempting to locate auto-apply AttributeConverter for property [com.ipn.mx.modelo.entidades.Pago:totalPago]
2024-06-29T15:50:31.686-06:00 DEBUG 24748 --- [ProyectoTiendaRopa] [           main] o.h.b.model.internal.BasicValueBinder    : building BasicValue for totalPago
2024-06-29T15:50:31.686-06:00 DEBUG 24748 --- [ProyectoTiendaRopa] [           main] org.hibernate.mapping.BasicValue         : Skipping column re-registration: Pago.totalPago
2024-06-29T15:50:31.687-06:00 DEBUG 24748 --- [ProyectoTiendaRopa] [           main] o.h.boot.model.internal.PropertyBinder   : Building property totalPago
2024-06-29T15:50:31.687-06:00 DEBUG 24748 --- [ProyectoTiendaRopa] [           main] o.h.b.r.c.i.ClassLoaderServiceImpl       : HHH000194: Package not found or wo package-info.java: com.ipn.mx.modelo.entidades
2024-06-29T15:50:31.688-06:00 DEBUG 24748 --- [ProyectoTiendaRopa] [           main] o.h.boot.model.internal.EntityBinder     : Binding entity from annotated class: com.ipn.mx.modelo.entidades.Pedido
2024-06-29T15:50:31.688-06:00 DEBUG 24748 --- [ProyectoTiendaRopa] [           main] o.h.boot.model.internal.EntityBinder     : Import with entity name Pedido
2024-06-29T15:50:31.688-06:00 DEBUG 24748 --- [ProyectoTiendaRopa] [           main] o.h.boot.model.internal.EntityBinder     : Bind entity com.ipn.mx.modelo.entidades.Pedido on table pedido
2024-06-29T15:50:31.688-06:00 DEBUG 24748 --- [ProyectoTiendaRopa] [           main] o.h.boot.model.internal.AnnotatedColumn  : Binding column: AnnotatedDiscriminatorColumn(column='DTYPE')
2024-06-29T15:50:31.702-06:00 DEBUG 24748 --- [ProyectoTiendaRopa] [           main] o.h.boot.model.internal.AnnotatedColumn  : Binding column: AnnotatedColumn(column='idpedido')
2024-06-29T15:50:31.702-06:00 DEBUG 24748 --- [ProyectoTiendaRopa] [           main] o.h.boot.internal.ClassLoaderAccessImpl  : Not known whether passed class name [com.ipn.mx.modelo.entidades.Pedido] is safe
2024-06-29T15:50:31.702-06:00 DEBUG 24748 --- [ProyectoTiendaRopa] [           main] o.h.boot.internal.ClassLoaderAccessImpl  : No temp ClassLoader provided; using live ClassLoader for loading potentially unsafe class : com.ipn.mx.modelo.entidades.Pedido
2024-06-29T15:50:31.702-06:00 DEBUG 24748 --- [ProyectoTiendaRopa] [           main] o.h.boot.model.internal.PropertyBinder   : MetadataSourceProcessor property idpedido with lazy=false
2024-06-29T15:50:31.702-06:00 DEBUG 24748 --- [ProyectoTiendaRopa] [           main] o.h.b.m.internal.AbstractPropertyHolder  : Attempting to locate auto-apply AttributeConverter for property [com.ipn.mx.modelo.entidades.Pedido:idpedido]
2024-06-29T15:50:31.702-06:00 DEBUG 24748 --- [ProyectoTiendaRopa] [           main] o.h.b.model.internal.BasicValueBinder    : building BasicValue for idpedido
2024-06-29T15:50:31.703-06:00 DEBUG 24748 --- [ProyectoTiendaRopa] [           main] org.hibernate.mapping.BasicValue         : Skipping column re-registration: pedido.idpedido
2024-06-29T15:50:31.703-06:00 DEBUG 24748 --- [ProyectoTiendaRopa] [           main] o.h.boot.model.internal.PropertyBinder   : Building property idpedido
2024-06-29T15:50:31.703-06:00 DEBUG 24748 --- [ProyectoTiendaRopa] [           main] o.h.boot.model.internal.BinderHelper     : #makeIdGenerator(BasicValue([Column(idpedido)]), idpedido, identity, , ...)
2024-06-29T15:50:31.703-06:00 DEBUG 24748 --- [ProyectoTiendaRopa] [           main] o.h.boot.model.internal.AnnotatedColumn  : Binding column: AnnotatedColumn(column='cantidad')
2024-06-29T15:50:31.703-06:00 DEBUG 24748 --- [ProyectoTiendaRopa] [           main] o.h.boot.model.internal.PropertyBinder   : MetadataSourceProcessor property cantidad with lazy=false
2024-06-29T15:50:31.703-06:00 DEBUG 24748 --- [ProyectoTiendaRopa] [           main] o.h.b.m.internal.AbstractPropertyHolder  : Attempting to locate auto-apply AttributeConverter for property [com.ipn.mx.modelo.entidades.Pedido:cantidad]
2024-06-29T15:50:31.703-06:00 DEBUG 24748 --- [ProyectoTiendaRopa] [           main] o.h.b.model.internal.BasicValueBinder    : building BasicValue for cantidad
[...]
 |  +-BasicFetch [com.ipn.mx.modelo.entidades.Producto.descripcion]
 |  +-BasicFetch [com.ipn.mx.modelo.entidades.Producto.disponibilidad]
 |  +-BasicFetch [com.ipn.mx.modelo.entidades.Producto.imagen]
 |  +-BasicFetch [com.ipn.mx.modelo.entidades.Producto.nombre]
 |  +-DelayedCollectionFetch [com.ipn.mx.modelo.entidades.Producto.pedidos]
 |  +-BasicFetch [com.ipn.mx.modelo.entidades.Producto.precio]
 |  \-BasicFetch [com.ipn.mx.modelo.entidades.Producto.tamaño]

2024-06-29T15:50:32.909-06:00 DEBUG 24748 --- [ProyectoTiendaRopa] [           main] org.hibernate.orm.sql.ast.tree           : SQL AST Tree:
    SelectStatement {
      FromClause {
        StandardTableGroup (p1 : com.ipn.mx.modelo.entidades.Producto) {
          primaryTableReference : producto as p1_0
          TableGroupJoins {
            left  join LazyTableGroup (c1 : com.ipn.mx.modelo.entidades.Producto.categoria) {
              primaryTableReference : categoria as c1_0
            }
          }
        }
      }
    }

2024-06-29T15:50:32.910-06:00 DEBUG 24748 --- [ProyectoTiendaRopa] [           main] o.h.p.entity.AbstractEntityPersister     : Static SQL for entity: com.ipn.mx.modelo.entidades.Producto
2024-06-29T15:50:32.910-06:00 DEBUG 24748 --- [ProyectoTiendaRopa] [           main] o.h.p.entity.AbstractEntityPersister     :  Version select: select idproducto from producto where idproducto=?
2024-06-29T15:50:32.910-06:00 DEBUG 24748 --- [ProyectoTiendaRopa] [           main] o.h.p.entity.AbstractEntityPersister     :  Insert (0): insert into producto (idcategoria,color,descripcion,disponibilidad,imagen,nombre,precio,tamaño) values (?,?,?,?,?,?,?,?)
2024-06-29T15:50:32.910-06:00 DEBUG 24748 --- [ProyectoTiendaRopa] [           main] o.h.p.entity.AbstractEntityPersister     :  Update (0): update producto set idcategoria=?,color=?,descripcion=?,disponibilidad=?,imagen=?,nombre=?,precio=?,tamaño=? where idproducto=?
2024-06-29T15:50:32.910-06:00 DEBUG 24748 --- [ProyectoTiendaRopa] [           main] o.h.p.entity.AbstractEntityPersister     :  Delete (0): delete from producto where idproducto=?
2024-06-29T15:50:32.910-06:00 DEBUG 24748 --- [ProyectoTiendaRopa] [           main] org.hibernate.orm.sql.ast.create         : Created new SQL alias : p1_0
2024-06-29T15:50:32.910-06:00 DEBUG 24748 --- [ProyectoTiendaRopa] [           main] org.hibernate.orm.sql.ast.create         : Registration of TableGroup [StandardTableGroup(com.ipn.mx.modelo.entidades.Promocion)] with identifierForTableGroup [com.ipn.mx.modelo.entidades.Promocion] for NavigablePath [com.ipn.mx.modelo.entidades.Promocion] 
2024-06-29T15:50:32.910-06:00 DEBUG 24748 --- [ProyectoTiendaRopa] [           main] org.hibernate.orm.results.graph.AST      : DomainResult Graph:
 \-EntityResultImpl [com.ipn.mx.modelo.entidades.Promocion]
 |  +-BasicFetch [com.ipn.mx.modelo.entidades.Promocion.codigosdescuento]
 |  +-BasicFetch [com.ipn.mx.modelo.entidades.Promocion.detallesdeuso]
 |  \-BasicFetch [com.ipn.mx.modelo.entidades.Promocion.fechavalidez]

2024-06-29T15:50:32.910-06:00 DEBUG 24748 --- [ProyectoTiendaRopa] [           main] org.hibernate.orm.sql.ast.tree           : SQL AST Tree:
    SelectStatement {
      FromClause {
        StandardTableGroup (p1 : com.ipn.mx.modelo.entidades.Promocion) {
          primaryTableReference : promocion as p1_0
        }
      }
    }

2024-06-29T15:50:32.910-06:00 DEBUG 24748 --- [ProyectoTiendaRopa] [           main] o.h.p.entity.AbstractEntityPersister     : Static SQL for entity: com.ipn.mx.modelo.entidades.Promocion
2024-06-29T15:50:32.910-06:00 DEBUG 24748 --- [ProyectoTiendaRopa] [           main] o.h.p.entity.AbstractEntityPersister     :  Version select: select idpromocion from promocion where idpromocion=?
2024-06-29T15:50:32.910-06:00 DEBUG 24748 --- [ProyectoTiendaRopa] [           main] o.h.p.entity.AbstractEntityPersister     :  Insert (0): insert into promocion (codigosdescuento,detallesdeuso,fechavalidez) values (?,?,?)
2024-06-29T15:50:32.910-06:00 DEBUG 24748 --- [ProyectoTiendaRopa] [           main] o.h.p.entity.AbstractEntityPersister     :  Update (0): update promocion set codigosdescuento=?,detallesdeuso=?,fechavalidez=? where idpromocion=?
2024-06-29T15:50:32.910-06:00 DEBUG 24748 --- [ProyectoTiendaRopa] [           main] o.h.p.entity.AbstractEntityPersister     :  Delete (0): delete from promocion where idpromocion=?
2024-06-29T15:50:32.917-06:00 DEBUG 24748 --- [ProyectoTiendaRopa] [           main] org.hibernate.orm.sql.ast.create         : Created new SQL alias : p1_0
2024-06-29T15:50:32.918-06:00 DEBUG 24748 --- [ProyectoTiendaRopa] [           main] org.hibernate.orm.sql.ast.create         : Registration of TableGroup [CollectionTableGroup(com.ipn.mx.modelo.entidades.Pedido.productos)] with identifierForTableGroup [com.ipn.mx.modelo.entidades.Pedido.productos] for NavigablePath [com.ipn.mx.modelo.entidades.Pedido.productos] 
2024-06-29T15:50:32.918-06:00 DEBUG 24748 --- [ProyectoTiendaRopa] [           main] org.hibernate.orm.sql.ast.create         : Registration of TableGroup [org.hibernate.sql.ast.tree.from.LazyTableGroup@1a1e38ab] with identifierForTableGroup [com.ipn.mx.modelo.entidades.Pedido.productos.{element}] for NavigablePath [com.ipn.mx.modelo.entidades.Pedido.productos.{element}] 
2024-06-29T15:50:32.920-06:00 DEBUG 24748 --- [ProyectoTiendaRopa] [           main] org.hibernate.orm.sql.ast.create         : Created new SQL alias : p1_1
2024-06-29T15:50:32.920-06:00 DEBUG 24748 --- [ProyectoTiendaRopa] [           main] org.hibernate.orm.sql.ast.create         : Registration of TableGroup [org.hibernate.sql.ast.tree.from.LazyTableGroup@17344d7] with identifierForTableGroup [com.ipn.mx.modelo.entidades.Pedido.productos.{element}.categoria] for NavigablePath [com.ipn.mx.modelo.entidades.Pedido.productos.{element}.categoria] 
2024-06-29T15:50:32.920-06:00 DEBUG 24748 --- [ProyectoTiendaRopa] [           main] org.hibernate.orm.sql.ast.create         : Created new SQL alias : c1_0
2024-06-29T15:50:32.922-06:00 DEBUG 24748 --- [ProyectoTiendaRopa] [           main] org.hibernate.orm.results.graph.AST      : DomainResult Graph:
 \-CollectionDomainResult [com.ipn.mx.modelo.entidades.Pedido.productos]

2024-06-29T15:50:32.922-06:00 DEBUG 24748 --- [ProyectoTiendaRopa] [           main] org.hibernate.orm.sql.ast.tree           : SQL AST Tree:
    SelectStatement {
      FromClause {
        CollectionTableGroup (p1 : com.ipn.mx.modelo.entidades.Pedido.productos) {
          primaryTableReference : Pedido_has_producto as p1_0
          TableGroupJoins {
             join LazyTableGroup (p1 : com.ipn.mx.modelo.entidades.Pedido.productos.{element}) {
              primaryTableReference : producto as p1_1
              TableGroupJoins {
                left  join LazyTableGroup (c1 : com.ipn.mx.modelo.entidades.Pedido.productos.{element}.categoria) {
                  primaryTableReference : categoria as c1_0
                }
              }
            }
          }
        }
      }
    }

2024-06-29T15:50:32.922-06:00 DEBUG 24748 --- [ProyectoTiendaRopa] [           main] org.hibernate.orm.jdbc.mutation          : Static SQL for collection: com.ipn.mx.modelo.entidades.Pedido.productos
2024-06-29T15:50:32.923-06:00 DEBUG 24748 --- [ProyectoTiendaRopa] [           main] org.hibernate.orm.jdbc.mutation          :  Row insert: insert into Pedido_has_producto (idpedido,idproducto) values (?,?)
2024-06-29T15:50:32.924-06:00 DEBUG 24748 --- [ProyectoTiendaRopa] [           main] org.hibernate.orm.jdbc.mutation          :  Row delete: delete from Pedido_has_producto where idpedido=? and idproducto=?
2024-06-29T15:50:32.924-06:00 DEBUG 24748 --- [ProyectoTiendaRopa] [           main] org.hibernate.orm.jdbc.mutation          :  One-shot delete: delete from Pedido_has_producto where idpedido=?
2024-06-29T15:50:32.924-06:00 DEBUG 24748 --- [ProyectoTiendaRopa] [           main] org.hibernate.orm.sql.ast.create         : Created new SQL alias : p1_0
2024-06-29T15:50:32.924-06:00 DEBUG 24748 --- [ProyectoTiendaRopa] [           main] org.hibernate.orm.sql.ast.create         : Registration of TableGroup [CollectionTableGroup(com.ipn.mx.modelo.entidades.Producto.pedidos)] with identifierForTableGroup [com.ipn.mx.modelo.entidades.Producto.pedidos] for NavigablePath [com.ipn.mx.modelo.entidades.Producto.pedidos] 
2024-06-29T15:50:32.924-06:00 DEBUG 24748 --- [ProyectoTiendaRopa] [           main] org.hibernate.orm.sql.ast.create         : Registration of TableGroup [org.hibernate.sql.ast.tree.from.LazyTableGroup@5507584d] with identifierForTableGroup [com.ipn.mx.modelo.entidades.Producto.pedidos.{element}] for NavigablePath [com.ipn.mx.modelo.entidades.Producto.pedidos.{element}] 
2024-06-29T15:50:32.924-06:00 DEBUG 24748 --- [ProyectoTiendaRopa] [           main] org.hibernate.orm.sql.ast.create         : Created new SQL alias : p1_1
2024-06-29T15:50:32.925-06:00 DEBUG 24748 --- [ProyectoTiendaRopa] [           main] org.hibernate.orm.sql.ast.create         : Registration of TableGroup [org.hibernate.sql.ast.tree.from.LazyTableGroup@1e5e2e06] with identifierForTableGroup [com.ipn.mx.modelo.entidades.Producto.pedidos.{element}.cliente] for NavigablePath [com.ipn.mx.modelo.entidades.Producto.pedidos.{element}.cliente] 
2024-06-29T15:50:32.925-06:00 DEBUG 24748 --- [ProyectoTiendaRopa] [           main] org.hibernate.orm.sql.ast.create         : Created new SQL alias : c1_0
2024-06-29T15:50:32.925-06:00 DEBUG 24748 --- [ProyectoTiendaRopa] [           main] org.hibernate.orm.sql.ast.create         : Registration of TableGroup [org.hibernate.sql.ast.tree.from.LazyTableGroup@26c1f3eb] with identifierForTableGroup [com.ipn.mx.modelo.entidades.Producto.pedidos.{element}.historial] for NavigablePath [com.ipn.mx.modelo.entidades.Producto.pedidos.{element}.historial] 
2024-06-29T15:50:32.925-06:00 DEBUG 24748 --- [ProyectoTiendaRopa] [           main] org.hibernate.orm.sql.ast.create         : Created new SQL alias : h1_0
2024-06-29T15:50:32.926-06:00 DEBUG 24748 --- [ProyectoTiendaRopa] [           main] org.hibernate.orm.sql.ast.create         : Registration of TableGroup [org.hibernate.sql.ast.tree.from.LazyTableGroup@79982bcc] with identifierForTableGroup [com.ipn.mx.modelo.entidades.Producto.pedidos.{element}.promocion] for NavigablePath [com.ipn.mx.modelo.entidades.Producto.pedidos.{element}.promocion] 
2024-06-29T15:50:32.926-06:00 DEBUG 24748 --- [ProyectoTiendaRopa] [           main] org.hibernate.orm.sql.ast.create         : Created new SQL alias : p2_0
2024-06-29T15:50:32.926-06:00 DEBUG 24748 --- [ProyectoTiendaRopa] [           main] org.hibernate.orm.results.graph.AST      : DomainResult Graph:
 \-CollectionDomainResult [com.ipn.mx.modelo.entidades.Producto.pedidos]

2024-06-29T15:50:32.926-06:00 DEBUG 24748 --- [ProyectoTiendaRopa] [           main] org.hibernate.orm.sql.ast.tree           : SQL AST Tree:
    SelectStatement {
      FromClause {
        CollectionTableGroup (p1 : com.ipn.mx.modelo.entidades.Producto.pedidos) {
          primaryTableReference : Pedido_has_producto as p1_0
          TableGroupJoins {
             join LazyTableGroup (p1 : com.ipn.mx.modelo.entidades.Producto.pedidos.{element}) {
              primaryTableReference : pedido as p1_1
              TableGroupJoins {
                left  join LazyTableGroup (c1 : com.ipn.mx.modelo.entidades.Producto.pedidos.{element}.cliente) {
                  primaryTableReference : cliente as c1_0
                }
                left  join LazyTableGroup (h1 : com.ipn.mx.modelo.entidades.Producto.pedidos.{element}.historial) {
                  primaryTableReference : historial as h1_0
                }
                left  join LazyTableGroup (p2 : com.ipn.mx.modelo.entidades.Producto.pedidos.{element}.promocion) {
                  primaryTableReference : promocion as p2_0
                }
              }
            }
          }
        }
      }
    }

2024-06-29T15:50:32.927-06:00 DEBUG 24748 --- [ProyectoTiendaRopa] [           main] org.hibernate.orm.jdbc.mutation          : Static SQL for collection: com.ipn.mx.modelo.entidades.Producto.pedidos
2024-06-29T15:50:32.957-06:00  INFO 24748 --- [ProyectoTiendaRopa] [           main] o.h.e.t.j.p.i.JtaPlatformInitiator       : HHH000489: No JTA platform available (set 'hibernate.transaction.jta.platform' to enable JTA platform integration)
2024-06-29T15:50:32.958-06:00 DEBUG 24748 --- [ProyectoTiendaRopa] [           main] o.h.type.spi.TypeConfiguration$Scope     : Scoping TypeConfiguration [org.hibernate.type.spi.TypeConfiguration@11c3d22f] to SessionFactoryImplementor [org.hibernate.internal.SessionFactoryImpl@72b6fa98]
2024-06-29T15:50:32.959-06:00 DEBUG 24748 --- [ProyectoTiendaRopa] [           main] o.h.query.named.NamedObjectRepository    : Checking 0 named HQL queries
2024-06-29T15:50:32.959-06:00 DEBUG 24748 --- [ProyectoTiendaRopa] [           main] o.h.query.named.NamedObjectRepository    : Checking 0 named SQL queries
2024-06-29T15:50:34.630-06:00 DEBUG 24748 --- [ProyectoTiendaRopa] [           main] org.hibernate.mapping.Table              : No alter strings for table : categoria
2024-06-29T15:50:34.631-06:00 DEBUG 24748 --- [ProyectoTiendaRopa] [           main] org.hibernate.mapping.Table              : No alter strings for table : cliente
2024-06-29T15:50:34.631-06:00 DEBUG 24748 --- [ProyectoTiendaRopa] [           main] org.hibernate.mapping.Table              : No alter strings for table : Envio
2024-06-29T15:50:34.631-06:00 DEBUG 24748 --- [ProyectoTiendaRopa] [           main] org.hibernate.mapping.Table              : No alter strings for table : historial
2024-06-29T15:50:34.631-06:00 DEBUG 24748 --- [ProyectoTiendaRopa] [           main] org.hibernate.mapping.Table              : No alter strings for table : Pago
2024-06-29T15:50:34.631-06:00 DEBUG 24748 --- [ProyectoTiendaRopa] [           main] org.hibernate.mapping.Table              : No alter strings for table : pedido
2024-06-29T15:50:34.631-06:00 DEBUG 24748 --- [ProyectoTiendaRopa] [           main] org.hibernate.mapping.Table              : No alter strings for table : Pedido_has_producto
2024-06-29T15:50:34.631-06:00 DEBUG 24748 --- [ProyectoTiendaRopa] [           main] org.hibernate.mapping.Table              : No alter strings for table : producto
2024-06-29T15:50:34.631-06:00 DEBUG 24748 --- [ProyectoTiendaRopa] [           main] org.hibernate.mapping.Table              : No alter strings for table : promocion
2024-06-29T15:50:42.201-06:00 DEBUG 24748 --- [ProyectoTiendaRopa] [           main] o.h.internal.SessionFactoryRegistry      : Initializing SessionFactoryRegistry : org.hibernate.internal.SessionFactoryRegistry@51a5a8ba
2024-06-29T15:50:42.201-06:00 DEBUG 24748 --- [ProyectoTiendaRopa] [           main] o.h.internal.SessionFactoryRegistry      : Registering SessionFactory: 9954203c-6874-4f20-88d0-07d4bac6e69e (<unnamed>)
2024-06-29T15:50:42.201-06:00 DEBUG 24748 --- [ProyectoTiendaRopa] [           main] o.h.internal.SessionFactoryRegistry      : Not binding SessionFactory to JNDI, no JNDI name configured
2024-06-29T15:50:42.201-06:00 DEBUG 24748 --- [ProyectoTiendaRopa] [           main] o.hibernate.internal.SessionFactoryImpl  : Instantiated SessionFactory
2024-06-29T15:50:42.201-06:00  INFO 24748 --- [ProyectoTiendaRopa] [           main] j.LocalContainerEntityManagerFactoryBean : Initialized JPA EntityManagerFactory for persistence unit 'default'
2024-06-29T15:50:42.437-06:00 DEBUG 24748 --- [ProyectoTiendaRopa] [           main] o.h.stat.internal.StatisticsInitiator    : Statistics initialized [enabled=false]
2024-06-29T15:50:42.944-06:00 DEBUG 24748 --- [ProyectoTiendaRopa] [           main] .h.v.m.ResourceBundleMessageInterpolator : Loaded expression factory via original TCCL
2024-06-29T15:50:42.946-06:00 DEBUG 24748 --- [ProyectoTiendaRopa] [           main] o.h.v.i.e.AbstractConfigurationImpl      : Setting custom MessageInterpolator of type org.springframework.validation.beanvalidation.LocaleContextMessageInterpolator
2024-06-29T15:50:42.947-06:00 DEBUG 24748 --- [ProyectoTiendaRopa] [           main] o.h.v.i.e.AbstractConfigurationImpl      : Setting custom ConstraintValidatorFactory of type org.springframework.validation.beanvalidation.SpringConstraintValidatorFactory
2024-06-29T15:50:42.948-06:00 DEBUG 24748 --- [ProyectoTiendaRopa] [           main] o.h.v.i.xml.config.ValidationXmlParser   : Trying to load META-INF/validation.xml for XML based Validator configuration.
2024-06-29T15:50:42.948-06:00 DEBUG 24748 --- [ProyectoTiendaRopa] [           main] o.h.v.i.xml.config.ResourceLoaderHelper  : Trying to load META-INF/validation.xml via user class loader
2024-06-29T15:50:42.948-06:00 DEBUG 24748 --- [ProyectoTiendaRopa] [           main] o.h.v.i.xml.config.ResourceLoaderHelper  : Trying to load META-INF/validation.xml via TCCL
2024-06-29T15:50:42.948-06:00 DEBUG 24748 --- [ProyectoTiendaRopa] [           main] o.h.v.i.xml.config.ResourceLoaderHelper  : Trying to load META-INF/validation.xml via Hibernate Validator's class loader
2024-06-29T15:50:42.949-06:00 DEBUG 24748 --- [ProyectoTiendaRopa] [           main] o.h.v.i.xml.config.ValidationXmlParser   : No META-INF/validation.xml found. Using annotation based configuration only.
2024-06-29T15:50:42.949-06:00 DEBUG 24748 --- [ProyectoTiendaRopa] [           main] o.h.v.i.e.resolver.TraversableResolvers  : Found jakarta.persistence.Persistence on classpath containing 'getPersistenceUtil'. Assuming JPA 2 environment. Trying to instantiate JPA aware TraversableResolver
2024-06-29T15:50:42.949-06:00 DEBUG 24748 --- [ProyectoTiendaRopa] [           main] o.h.v.i.e.resolver.TraversableResolvers  : Instantiated JPA aware TraversableResolver of type org.hibernate.validator.internal.engine.resolver.JPATraversableResolver.
2024-06-29T15:50:42.950-06:00 DEBUG 24748 --- [ProyectoTiendaRopa] [           main] .i.e.ValidatorFactoryConfigurationHelper : HV000252: Using org.hibernate.validator.internal.engine.DefaultPropertyNodeNameProvider as property node name provider.
2024-06-29T15:50:42.950-06:00 DEBUG 24748 --- [ProyectoTiendaRopa] [           main] .i.e.ValidatorFactoryConfigurationHelper : HV000234: Using org.springframework.validation.beanvalidation.LocaleContextMessageInterpolator as ValidatorFactory-scoped message interpolator.
2024-06-29T15:50:42.950-06:00 DEBUG 24748 --- [ProyectoTiendaRopa] [           main] .i.e.ValidatorFactoryConfigurationHelper : HV000234: Using org.hibernate.validator.internal.engine.resolver.JPATraversableResolver as ValidatorFactory-scoped traversable resolver.
2024-06-29T15:50:42.950-06:00 DEBUG 24748 --- [ProyectoTiendaRopa] [           main] .i.e.ValidatorFactoryConfigurationHelper : HV000234: Using org.hibernate.validator.internal.util.ExecutableParameterNameProvider as ValidatorFactory-scoped parameter name provider.
2024-06-29T15:50:42.950-06:00 DEBUG 24748 --- [ProyectoTiendaRopa] [           main] .i.e.ValidatorFactoryConfigurationHelper : HV000234: Using org.hibernate.validator.internal.engine.DefaultClockProvider as ValidatorFactory-scoped clock provider.
2024-06-29T15:50:42.950-06:00 DEBUG 24748 --- [ProyectoTiendaRopa] [           main] .i.e.ValidatorFactoryConfigurationHelper : HV000234: Using org.hibernate.validator.internal.engine.scripting.DefaultScriptEvaluatorFactory as ValidatorFactory-scoped script evaluator factory.
2024-06-29T15:50:42.980-06:00  WARN 24748 --- [ProyectoTiendaRopa] [           main] JpaBaseConfiguration$JpaWebConfiguration : spring.jpa.open-in-view is enabled by default. Therefore, database queries may be performed during view rendering. Explicitly configure spring.jpa.open-in-view to disable this warning
2024-06-29T15:50:43.554-06:00  INFO 24748 --- [ProyectoTiendaRopa] [           main] c.i.m.ProyectoTiendaRopaApplicationTests : Started ProyectoTiendaRopaApplicationTests in 20.689 seconds (process running for 22.079)
]]></system-out>
  </testcase>
</testsuite>